  0.0000e+00  0.0000e+00  1.0000e+00  1.0000e+00  0.0000e+00
  1.0000e-01  4.9967e-05  1.0000e+00  1.0005e+00  1.0002e-01
  2.0000e-01  1.9940e-04  1.0000e+00  1.0010e+00  2.0010e-01
  3.0000e-01  4.4684e-04  1.0000e+00  1.0014e+00  3.0022e-01
  4.0000e-01  7.8983e-04  1.0001e+00  1.0018e+00  4.0038e-01
  5.0000e-01  1.2249e-03  1.0002e+00  1.0021e+00  5.0057e-01
  6.0000e-01  1.7477e-03  1.0004e+00  1.0023e+00  6.0079e-01
  7.0000e-01  2.3530e-03  1.0006e+00  1.0024e+00  7.0103e-01
  8.0000e-01  3.0344e-03  1.0008e+00  1.0023e+00  8.0126e-01
  9.0000e-01  3.7851e-03  1.0012e+00  1.0022e+00  9.0149e-01
  1.0000e+00  4.5974e-03  1.0016e+00  1.0018e+00  1.0017e+00
  1.1000e+00  5.4628e-03  1.0021e+00  1.0013e+00  1.1019e+00
  1.2000e+00  6.3727e-03  1.0027e+00  1.0006e+00  1.2019e+00
  1.3000e+00  7.3175e-03  1.0034e+00  9.9977e-01  1.3020e+00
  1.4000e+00  8.2878e-03  1.0041e+00  9.9871e-01  1.4019e+00
  1.5000e+00  9.2737e-03  1.0050e+00  9.9747e-01  1.5017e+00
  1.6000e+00  1.0265e-02  1.0060e+00  9.9603e-01  1.6014e+00
  1.7000e+00  1.1253e-02  1.0071e+00  9.9439e-01  1.7009e+00
  1.8000e+00  1.2226e-02  1.0082e+00  9.9258e-01  1.8003e+00
  1.9000e+00  1.3176e-02  1.0095e+00  9.9057e-01  1.8994e+00
  2.0000e+00  1.4093e-02  1.0109e+00  9.8840e-01  1.9984e+00
  2.1000e+00  1.4969e-02  1.0123e+00  9.8606e-01  2.0971e+00
  2.2000e+00  1.5795e-02  1.0139e+00  9.8356e-01  2.1956e+00
  2.3000e+00  1.6565e-02  1.0155e+00  9.8092e-01  2.2938e+00
  2.4000e+00  1.7271e-02  1.0172e+00  9.7815e-01  2.3917e+00
  2.5000e+00  1.7907e-02  1.0189e+00  9.7526e-01  2.4894e+00
  2.6000e+00  1.8468e-02  1.0208e+00  9.7228e-01  2.5868e+00
  2.7000e+00  1.8951e-02  1.0226e+00  9.6921e-01  2.6839e+00
  2.8000e+00  1.9350e-02  1.0246e+00  9.6608e-01  2.7806e+00
  2.9000e+00  1.9665e-02  1.0265e+00  9.6289e-01  2.8771e+00
  3.0000e+00  1.9892e-02  1.0285e+00  9.5968e-01  2.9732e+00
  3.1000e+00  2.0032e-02  1.0305e+00  9.5645e-01  3.0690e+00
  3.2000e+00  2.0083e-02  1.0325e+00  9.5322e-01  3.1645e+00
  3.3000e+00  2.0048e-02  1.0345e+00  9.5000e-01  3.2597e+00
  3.4000e+00  1.9927e-02  1.0365e+00  9.4682e-01  3.3545e+00
  3.5000e+00  1.9722e-02  1.0385e+00  9.4369e-01  3.4490e+00
  3.6000e+00  1.9438e-02  1.0404e+00  9.4062e-01  3.5432e+00
  3.7000e+00  1.9076e-02  1.0424e+00  9.3763e-01  3.6372e+00
  3.8000e+00  1.8642e-02  1.0442e+00  9.3472e-01  3.7308e+00
  3.9000e+00  1.8141e-02  1.0461e+00  9.3192e-01  3.8241e+00
  4.0000e+00  1.7577e-02  1.0479e+00  9.2922e-01  3.9172e+00
  4.1000e+00  1.6956e-02  1.0496e+00  9.2664e-01  4.0100e+00
  4.2000e+00  1.6285e-02  1.0513e+00  9.2418e-01  4.1025e+00
  4.3000e+00  1.5569e-02  1.0529e+00  9.2186e-01  4.1948e+00
  4.4000e+00  1.4815e-02  1.0544e+00  9.1968e-01  4.2869e+00
  4.5000e+00  1.4030e-02  1.0558e+00  9.1765e-01  4.3787e+00
  4.6000e+00  1.3220e-02  1.0572e+00  9.1575e-01  4.4704e+00
  4.7000e+00  1.2394e-02  1.0585e+00  9.1401e-01  4.5619e+00
  4.8000e+00  1.1557e-02  1.0597e+00  9.1242e-01  4.6532e+00
  4.9000e+00  1.0717e-02  1.0608e+00  9.1097e-01  4.7444e+00
  5.0000e+00  9.8807e-03  1.0618e+00  9.0968e-01  4.8354e+00
  5.1000e+00  9.0553e-03  1.0627e+00  9.0853e-01  4.9263e+00
  5.2000e+00  8.2474e-03  1.0636e+00  9.0752e-01  5.0171e+00
  5.3000e+00  7.4636e-03  1.0644e+00  9.0665e-01  5.1078e+00
  5.4000e+00  6.7101e-03  1.0651e+00  9.0592e-01  5.1985e+00
  5.5000e+00  5.9930e-03  1.0657e+00  9.0531e-01  5.2890e+00
  5.6000e+00  5.3182e-03  1.0663e+00  9.0482e-01  5.3795e+00
  5.7000e+00  4.6908e-03  1.0668e+00  9.0444e-01  5.4700e+00
  5.8000e+00  4.1161e-03  1.0672e+00  9.0416e-01  5.5604e+00
  5.9000e+00  3.5985e-03  1.0676e+00  9.0398e-01  5.6508e+00
  6.0000e+00  3.1421e-03  1.0680e+00  9.0387e-01  5.7412e+00
  6.1000e+00  2.7507e-03  1.0683e+00  9.0384e-01  5.8316e+00
  6.2000e+00  2.4274e-03  1.0685e+00  9.0388e-01  5.9220e+00
  6.3000e+00  2.1747e-03  1.0688e+00  9.0396e-01  6.0124e+00
  6.4000e+00  1.9946e-03  1.0690e+00  9.0407e-01  6.1028e+00
  6.5000e+00  1.8887e-03  1.0692e+00  9.0421e-01  6.1932e+00
  6.6000e+00  1.8577e-03  1.0693e+00  9.0436e-01  6.2836e+00
  6.7000e+00  1.9019e-03  1.0695e+00  9.0451e-01  6.3741e+00
  6.8000e+00  2.0209e-03  1.0697e+00  9.0465e-01  6.4645e+00
  6.9000e+00  2.2138e-03  1.0699e+00  9.0476e-01  6.5550e+00
  7.0000e+00  2.4788e-03  1.0702e+00  9.0483e-01  6.6455e+00
  7.1000e+00  2.8138e-03  1.0704e+00  9.0485e-01  6.7360e+00
  7.2000e+00  3.2161e-03  1.0707e+00  9.0481e-01  6.8264e+00
  7.3000e+00  3.6822e-03  1.0711e+00  9.0470e-01  6.9169e+00
  7.4000e+00  4.2082e-03  1.0715e+00  9.0450e-01  7.0074e+00
  7.5000e+00  4.7898e-03  1.0719e+00  9.0421e-01  7.0978e+00
  7.6000e+00  5.4221e-03  1.0724e+00  9.0381e-01  7.1882e+00
  7.7000e+00  6.0997e-03  1.0730e+00  9.0331e-01  7.2786e+00
  7.8000e+00  6.8171e-03  1.0737e+00  9.0269e-01  7.3689e+00
  7.9000e+00  7.5683e-03  1.0744e+00  9.0195e-01  7.4591e+00
  8.0000e+00  8.3470e-03  1.0752e+00  9.0108e-01  7.5493e+00
  8.1000e+00  9.1468e-03  1.0760e+00  9.0008e-01  7.6393e+00
  8.2000e+00  9.9611e-03  1.0770e+00  8.9894e-01  7.7293e+00
  8.3000e+00  1.0783e-02  1.0780e+00  8.9768e-01  7.8191e+00
  8.4000e+00  1.1607e-02  1.0792e+00  8.9628e-01  7.9088e+00
  8.5000e+00  1.2425e-02  1.0804e+00  8.9475e-01  7.9984e+00
  8.6000e+00  1.3231e-02  1.0816e+00  8.9309e-01  8.0877e+00
  8.7000e+00  1.4019e-02  1.0830e+00  8.9131e-01  8.1770e+00
  8.8000e+00  1.4783e-02  1.0844e+00  8.8940e-01  8.2660e+00
  8.9000e+00  1.5517e-02  1.0860e+00  8.8738e-01  8.3548e+00
  9.0000e+00  1.6215e-02  1.0875e+00  8.8525e-01  8.4435e+00
  9.1000e+00  1.6873e-02  1.0892e+00  8.8302e-01  8.5319e+00
  9.2000e+00  1.7485e-02  1.0909e+00  8.8070e-01  8.6201e+00
  9.3000e+00  1.8049e-02  1.0927e+00  8.7830e-01  8.7080e+00
  9.4000e+00  1.8559e-02  1.0945e+00  8.7582e-01  8.7957e+00
  9.5000e+00  1.9013e-02  1.0964e+00  8.7327e-01  8.8832e+00
  9.6000e+00  1.9407e-02  1.0983e+00  8.7068e-01  8.9704e+00
  9.7000e+00  1.9740e-02  1.1003e+00  8.6803e-01  9.0573e+00
  9.8000e+00  2.0011e-02  1.1023e+00  8.6536e-01  9.1440e+00
  9.9000e+00  2.0217e-02  1.1043e+00  8.6266e-01  9.2304e+00
  1.0000e+01  2.0358e-02  1.1063e+00  8.5995e-01  9.3165e+00
  1.0100e+01  2.0435e-02  1.1084e+00  8.5724e-01  9.4024e+00
  1.0200e+01  2.0447e-02  1.1104e+00  8.5453e-01  9.4880e+00
  1.0300e+01  2.0395e-02  1.1124e+00  8.5185e-01  9.5733e+00
  1.0400e+01  2.0281e-02  1.1145e+00  8.4919e-01  9.6583e+00
  1.0500e+01  2.0106e-02  1.1165e+00  8.4657e-01  9.7431e+00
  1.0600e+01  1.9872e-02  1.1185e+00  8.4399e-01  9.8277e+00
  1.0700e+01  1.9582e-02  1.1205e+00  8.4146e-01  9.9119e+00
  1.0800e+01  1.9239e-02  1.1224e+00  8.3900e-01  9.9960e+00
  1.0900e+01  1.8845e-02  1.1243e+00  8.3661e-01  1.0080e+01
  1.1000e+01  1.8405e-02  1.1262e+00  8.3428e-01  1.0163e+01
  1.1100e+01  1.7922e-02  1.1280e+00  8.3204e-01  1.0247e+01
  1.1200e+01  1.7399e-02  1.1298e+00  8.2988e-01  1.0330e+01
  1.1300e+01  1.6841e-02  1.1315e+00  8.2782e-01  1.0413e+01
  1.1400e+01  1.6252e-02  1.1331e+00  8.2584e-01  1.0495e+01
  1.1500e+01  1.5637e-02  1.1347e+00  8.2396e-01  1.0578e+01
  1.1600e+01  1.5000e-02  1.1363e+00  8.2218e-01  1.0660e+01
  1.1700e+01  1.4345e-02  1.1377e+00  8.2050e-01  1.0742e+01
  1.1800e+01  1.3677e-02  1.1391e+00  8.1892e-01  1.0824e+01
  1.1900e+01  1.3001e-02  1.1405e+00  8.1745e-01  1.0906e+01
  1.2000e+01  1.2322e-02  1.1417e+00  8.1607e-01  1.0988e+01
  1.2100e+01  1.1643e-02  1.1429e+00  8.1480e-01  1.1069e+01
  1.2200e+01  1.0970e-02  1.1440e+00  8.1363e-01  1.1151e+01
  1.2300e+01  1.0308e-02  1.1451e+00  8.1255e-01  1.1232e+01
  1.2400e+01  9.6590e-03  1.1461e+00  8.1157e-01  1.1313e+01
  1.2500e+01  9.0291e-03  1.1470e+00  8.1069e-01  1.1394e+01
  1.2600e+01  8.4219e-03  1.1479e+00  8.0989e-01  1.1475e+01
  1.2700e+01  7.8413e-03  1.1487e+00  8.0918e-01  1.1556e+01
  1.2800e+01  7.2910e-03  1.1495e+00  8.0855e-01  1.1637e+01
  1.2900e+01  6.7746e-03  1.1502e+00  8.0800e-01  1.1718e+01
  1.3000e+01  6.2953e-03  1.1508e+00  8.0751e-01  1.1799e+01
  1.3100e+01  5.8562e-03  1.1515e+00  8.0710e-01  1.1879e+01
  1.3200e+01  5.4600e-03  1.1520e+00  8.0674e-01  1.1960e+01
  1.3300e+01  5.1093e-03  1.1525e+00  8.0643e-01  1.2041e+01
  1.3400e+01  4.8063e-03  1.1530e+00  8.0617e-01  1.2121e+01
  1.3500e+01  4.5529e-03  1.1535e+00  8.0595e-01  1.2202e+01
  1.3600e+01  4.3507e-03  1.1540e+00  8.0577e-01  1.2283e+01
  1.3700e+01  4.2009e-03  1.1544e+00  8.0560e-01  1.2363e+01
  1.3800e+01  4.1044e-03  1.1548e+00  8.0546e-01  1.2444e+01
  1.3900e+01  4.0619e-03  1.1552e+00  8.0532e-01  1.2524e+01
  1.4000e+01  4.0736e-03  1.1556e+00  8.0519e-01  1.2605e+01
  1.4100e+01  4.1393e-03  1.1560e+00  8.0505e-01  1.2685e+01
  1.4200e+01  4.2586e-03  1.1564e+00  8.0490e-01  1.2766e+01
  1.4300e+01  4.4306e-03  1.1569e+00  8.0472e-01  1.2846e+01
  1.4400e+01  4.6543e-03  1.1573e+00  8.0453e-01  1.2927e+01
  1.4500e+01  4.9280e-03  1.1578e+00  8.0429e-01  1.3007e+01
  1.4600e+01  5.2501e-03  1.1583e+00  8.0402e-01  1.3088e+01
  1.4700e+01  5.6182e-03  1.1589e+00  8.0370e-01  1.3168e+01
  1.4800e+01  6.0301e-03  1.1594e+00  8.0332e-01  1.3248e+01
  1.4900e+01  6.4828e-03  1.1601e+00  8.0289e-01  1.3329e+01
  1.5000e+01  6.9736e-03  1.1607e+00  8.0239e-01  1.3409e+01
  1.5100e+01  7.4990e-03  1.1615e+00  8.0182e-01  1.3489e+01
  1.5200e+01  8.0557e-03  1.1622e+00  8.0117e-01  1.3569e+01
  1.5300e+01  8.6400e-03  1.1631e+00  8.0046e-01  1.3649e+01
  1.5400e+01  9.2481e-03  1.1640e+00  7.9966e-01  1.3729e+01
  1.5500e+01  9.8760e-03  1.1649e+00  7.9877e-01  1.3809e+01
  1.5600e+01  1.0520e-02  1.1659e+00  7.9780e-01  1.3889e+01
  1.5700e+01  1.1175e-02  1.1670e+00  7.9675e-01  1.3969e+01
  1.5800e+01  1.1838e-02  1.1682e+00  7.9561e-01  1.4048e+01
  1.5900e+01  1.2504e-02  1.1694e+00  7.9438e-01  1.4128e+01
  1.6000e+01  1.3169e-02  1.1707e+00  7.9307e-01  1.4207e+01
  1.6100e+01  1.3829e-02  1.1720e+00  7.9167e-01  1.4287e+01
  1.6200e+01  1.4481e-02  1.1734e+00  7.9018e-01  1.4366e+01
  1.6300e+01  1.5119e-02  1.1749e+00  7.8862e-01  1.4445e+01
  1.6400e+01  1.5740e-02  1.1765e+00  7.8698e-01  1.4523e+01
  1.6500e+01  1.6341e-02  1.1781e+00  7.8526e-01  1.4602e+01
  1.6600e+01  1.6918e-02  1.1797e+00  7.8347e-01  1.4680e+01
  1.6700e+01  1.7468e-02  1.1815e+00  7.8161e-01  1.4759e+01
  1.6800e+01  1.7988e-02  1.1832e+00  7.7970e-01  1.4837e+01
  1.6900e+01  1.8475e-02  1.1850e+00  7.7772e-01  1.4915e+01
  1.7000e+01  1.8927e-02  1.1869e+00  7.7569e-01  1.4992e+01
  1.7100e+01  1.9341e-02  1.1888e+00  7.7362e-01  1.5070e+01
  1.7200e+01  1.9715e-02  1.1908e+00  7.7150e-01  1.5147e+01
  1.7300e+01  2.0048e-02  1.1928e+00  7.6935e-01  1.5224e+01
  1.7400e+01  2.0338e-02  1.1948e+00  7.6717e-01  1.5301e+01
  1.7500e+01  2.0585e-02  1.1968e+00  7.6496e-01  1.5377e+01
  1.7600e+01  2.0786e-02  1.1989e+00  7.6274e-01  1.5454e+01
  1.7700e+01  2.0943e-02  1.2010e+00  7.6051e-01  1.5530e+01
  1.7800e+01  2.1053e-02  1.2031e+00  7.5827e-01  1.5606e+01
  1.7900e+01  2.1119e-02  1.2052e+00  7.5604e-01  1.5682e+01
  1.8000e+01  2.1139e-02  1.2073e+00  7.5381e-01  1.5757e+01
  1.8100e+01  2.1114e-02  1.2094e+00  7.5159e-01  1.5832e+01
  1.8200e+01  2.1046e-02  1.2115e+00  7.4939e-01  1.5908e+01
  1.8300e+01  2.0934e-02  1.2136e+00  7.4721e-01  1.5982e+01
  1.8400e+01  2.0781e-02  1.2157e+00  7.4506e-01  1.6057e+01
  1.8500e+01  2.0588e-02  1.2178e+00  7.4294e-01  1.6131e+01
  1.8600e+01  2.0356e-02  1.2198e+00  7.4085e-01  1.6206e+01
  1.8700e+01  2.0087e-02  1.2219e+00  7.3881e-01  1.6280e+01
  1.8800e+01  1.9783e-02  1.2239e+00  7.3682e-01  1.6353e+01
  1.8900e+01  1.9447e-02  1.2258e+00  7.3487e-01  1.6427e+01
  1.9000e+01  1.9080e-02  1.2277e+00  7.3297e-01  1.6500e+01
  1.9100e+01  1.8686e-02  1.2296e+00  7.3113e-01  1.6573e+01
  1.9200e+01  1.8265e-02  1.2315e+00  7.2934e-01  1.6647e+01
  1.9300e+01  1.7822e-02  1.2333e+00  7.2761e-01  1.6719e+01
  1.9400e+01  1.7359e-02  1.2350e+00  7.2594e-01  1.6792e+01
  1.9500e+01  1.6878e-02  1.2368e+00  7.2434e-01  1.6865e+01
  1.9600e+01  1.6382e-02  1.2384e+00  7.2280e-01  1.6937e+01
  1.9700e+01  1.5874e-02  1.2400e+00  7.2132e-01  1.7009e+01
  1.9800e+01  1.5357e-02  1.2416e+00  7.1991e-01  1.7081e+01
  1.9900e+01  1.4834e-02  1.2431e+00  7.1857e-01  1.7153e+01
  2.0000e+01  1.4308e-02  1.2446e+00  7.1729e-01  1.7225e+01
  2.0100e+01  1.3780e-02  1.2460e+00  7.1607e-01  1.7297e+01
  2.0200e+01  1.3255e-02  1.2473e+00  7.1492e-01  1.7368e+01
  2.0300e+01  1.2735e-02  1.2486e+00  7.1383e-01  1.7440e+01
  2.0400e+01  1.2222e-02  1.2499e+00  7.1281e-01  1.7511e+01
  2.0500e+01  1.1719e-02  1.2511e+00  7.1185e-01  1.7582e+01
  2.0600e+01  1.1229e-02  1.2522e+00  7.1094e-01  1.7653e+01
  2.0700e+01  1.0754e-02  1.2533e+00  7.1009e-01  1.7724e+01
  2.0800e+01  1.0297e-02  1.2544e+00  7.0930e-01  1.7795e+01
  2.0900e+01  9.8598e-03  1.2554e+00  7.0856e-01  1.7866e+01
  2.1000e+01  9.4445e-03  1.2563e+00  7.0787e-01  1.7937e+01
  2.1100e+01  9.0532e-03  1.2573e+00  7.0723e-01  1.8008e+01
  2.1200e+01  8.6879e-03  1.2581e+00  7.0663e-01  1.8078e+01
  2.1300e+01  8.3504e-03  1.2590e+00  7.0607e-01  1.8149e+01
  2.1400e+01  8.0422e-03  1.2598e+00  7.0555e-01  1.8220e+01
  2.1500e+01  7.7650e-03  1.2606e+00  7.0506e-01  1.8290e+01
  2.1600e+01  7.5199e-03  1.2614e+00  7.0460e-01  1.8361e+01
  2.1700e+01  7.3082e-03  1.2621e+00  7.0417e-01  1.8431e+01
  2.1800e+01  7.1310e-03  1.2628e+00  7.0376e-01  1.8501e+01
  2.1900e+01  6.9889e-03  1.2635e+00  7.0337e-01  1.8572e+01
  2.2000e+01  6.8828e-03  1.2642e+00  7.0300e-01  1.8642e+01
  2.2100e+01  6.8130e-03  1.2649e+00  7.0263e-01  1.8712e+01
  2.2200e+01  6.7798e-03  1.2656e+00  7.0227e-01  1.8783e+01
  2.2300e+01  6.7835e-03  1.2663e+00  7.0192e-01  1.8853e+01
  2.2400e+01  6.8239e-03  1.2670e+00  7.0156e-01  1.8923e+01
  2.2500e+01  6.9008e-03  1.2676e+00  7.0119e-01  1.8993e+01
  2.2600e+01  7.0137e-03  1.2683e+00  7.0082e-01  1.9063e+01
  2.2700e+01  7.1622e-03  1.2690e+00  7.0043e-01  1.9133e+01
  2.2800e+01  7.3453e-03  1.2698e+00  7.0002e-01  1.9203e+01
  2.2900e+01  7.5622e-03  1.2705e+00  6.9960e-01  1.9273e+01
  2.3000e+01  7.8117e-03  1.2713e+00  6.9914e-01  1.9343e+01
  2.3100e+01  8.0927e-03  1.2721e+00  6.9866e-01  1.9413e+01
  2.3200e+01  8.4036e-03  1.2729e+00  6.9815e-01  1.9483e+01
  2.3300e+01  8.7429e-03  1.2738e+00  6.9760e-01  1.9553e+01
  2.3400e+01  9.1090e-03  1.2747e+00  6.9702e-01  1.9623e+01
  2.3500e+01  9.4999e-03  1.2756e+00  6.9639e-01  1.9692e+01
  2.3600e+01  9.9138e-03  1.2766e+00  6.9573e-01  1.9762e+01
  2.3700e+01  1.0349e-02  1.2776e+00  6.9502e-01  1.9831e+01
  2.3800e+01  1.0802e-02  1.2786e+00  6.9426e-01  1.9901e+01
  2.3900e+01  1.1272e-02  1.2797e+00  6.9345e-01  1.9970e+01
  2.4000e+01  1.1757e-02  1.2809e+00  6.9260e-01  2.0040e+01
  2.4100e+01  1.2253e-02  1.2821e+00  6.9169e-01  2.0109e+01
  2.4200e+01  1.2759e-02  1.2833e+00  6.9073e-01  2.0178e+01
  2.4300e+01  1.3273e-02  1.2846e+00  6.8972e-01  2.0247e+01
  2.4400e+01  1.3791e-02  1.2860e+00  6.8866e-01  2.0316e+01
  2.4500e+01  1.4311e-02  1.2874e+00  6.8754e-01  2.0385e+01
  2.4600e+01  1.4831e-02  1.2888e+00  6.8638e-01  2.0453e+01
  2.4700e+01  1.5349e-02  1.2904e+00  6.8516e-01  2.0522e+01
  2.4800e+01  1.5862e-02  1.2919e+00  6.8389e-01  2.0590e+01
  2.4900e+01  1.6368e-02  1.2935e+00  6.8258e-01  2.0659e+01
  2.5000e+01  1.6865e-02  1.2952e+00  6.8121e-01  2.0727e+01
  2.5100e+01  1.7350e-02  1.2969e+00  6.7980e-01  2.0795e+01
  2.5200e+01  1.7822e-02  1.2987e+00  6.7835e-01  2.0863e+01
  2.5300e+01  1.8279e-02  1.3005e+00  6.7685e-01  2.0931e+01
  2.5400e+01  1.8718e-02  1.3023e+00  6.7531e-01  2.0998e+01
  2.5500e+01  1.9138e-02  1.3042e+00  6.7374e-01  2.1066e+01
  2.5600e+01  1.9537e-02  1.3061e+00  6.7212e-01  2.1133e+01
  2.5700e+01  1.9914e-02  1.3081e+00  6.7048e-01  2.1200e+01
  2.5800e+01  2.0268e-02  1.3101e+00  6.6881e-01  2.1267e+01
  2.5900e+01  2.0597e-02  1.3122e+00  6.6711e-01  2.1334e+01
  2.6000e+01  2.0900e-02  1.3142e+00  6.6538e-01  2.1400e+01
  2.6100e+01  2.1176e-02  1.3163e+00  6.6364e-01  2.1467e+01
  2.6200e+01  2.1424e-02  1.3185e+00  6.6187e-01  2.1533e+01
  2.6300e+01  2.1644e-02  1.3206e+00  6.6009e-01  2.1599e+01
  2.6400e+01  2.1834e-02  1.3228e+00  6.5830e-01  2.1665e+01
  2.6500e+01  2.1996e-02  1.3250e+00  6.5650e-01  2.1731e+01
  2.6600e+01  2.2128e-02  1.3272e+00  6.5470e-01  2.1796e+01
  2.6700e+01  2.2230e-02  1.3294e+00  6.5289e-01  2.1862e+01
  2.6800e+01  2.2302e-02  1.3316e+00  6.5109e-01  2.1927e+01
  2.6900e+01  2.2345e-02  1.3339e+00  6.4928e-01  2.1992e+01
  2.7000e+01  2.2358e-02  1.3361e+00  6.4749e-01  2.2057e+01
  2.7100e+01  2.2343e-02  1.3383e+00  6.4570e-01  2.2122e+01
  2.7200e+01  2.2299e-02  1.3406e+00  6.4392e-01  2.2186e+01
  2.7300e+01  2.2227e-02  1.3428e+00  6.4216e-01  2.2250e+01
  2.7400e+01  2.2128e-02  1.3450e+00  6.4042e-01  2.2315e+01
  2.7500e+01  2.2002e-02  1.3472e+00  6.3869e-01  2.2378e+01
  2.7600e+01  2.1852e-02  1.3494e+00  6.3699e-01  2.2442e+01
  2.7700e+01  2.1676e-02  1.3516e+00  6.3531e-01  2.2506e+01
  2.7800e+01  2.1478e-02  1.3538e+00  6.3365e-01  2.2569e+01
  2.7900e+01  2.1257e-02  1.3559e+00  6.3202e-01  2.2633e+01
  2.8000e+01  2.1015e-02  1.3580e+00  6.3043e-01  2.2696e+01
  2.8100e+01  2.0754e-02  1.3601e+00  6.2886e-01  2.2759e+01
  2.8200e+01  2.0474e-02  1.3622e+00  6.2732e-01  2.2821e+01
  2.8300e+01  2.0177e-02  1.3642e+00  6.2582e-01  2.2884e+01
  2.8400e+01  1.9865e-02  1.3662e+00  6.2435e-01  2.2947e+01
  2.8500e+01  1.9538e-02  1.3682e+00  6.2292e-01  2.3009e+01
  2.8600e+01  1.9199e-02  1.3701e+00  6.2153e-01  2.3071e+01
  2.8700e+01  1.8849e-02  1.3720e+00  6.2017e-01  2.3133e+01
  2.8800e+01  1.8490e-02  1.3739e+00  6.1885e-01  2.3195e+01
  2.8900e+01  1.8122e-02  1.3757e+00  6.1757e-01  2.3257e+01
  2.9000e+01  1.7748e-02  1.3775e+00  6.1632e-01  2.3319e+01
  2.9100e+01  1.7370e-02  1.3793e+00  6.1511e-01  2.3380e+01
  2.9200e+01  1.6988e-02  1.3810e+00  6.1395e-01  2.3442e+01
  2.9300e+01  1.6604e-02  1.3827e+00  6.1282e-01  2.3503e+01
  2.9400e+01  1.6220e-02  1.3843e+00  6.1173e-01  2.3564e+01
  2.9500e+01  1.5838e-02  1.3859e+00  6.1067e-01  2.3625e+01
  2.9600e+01  1.5458e-02  1.3875e+00  6.0966e-01  2.3687e+01
  2.9700e+01  1.5083e-02  1.3890e+00  6.0868e-01  2.3747e+01
  2.9800e+01  1.4714e-02  1.3905e+00  6.0773e-01  2.3808e+01
  2.9900e+01  1.4352e-02  1.3919e+00  6.0682e-01  2.3869e+01
  3.0000e+01  1.3998e-02  1.3933e+00  6.0595e-01  2.3930e+01
  3.0100e+01  1.3654e-02  1.3947e+00  6.0511e-01  2.3990e+01
  3.0200e+01  1.3322e-02  1.3961e+00  6.0429e-01  2.4051e+01
  3.0300e+01  1.3002e-02  1.3974e+00  6.0351e-01  2.4111e+01
  3.0400e+01  1.2695e-02  1.3987e+00  6.0276e-01  2.4171e+01
  3.0500e+01  1.2403e-02  1.3999e+00  6.0204e-01  2.4232e+01
  3.0600e+01  1.2127e-02  1.4012e+00  6.0134e-01  2.4292e+01
  3.0700e+01  1.1868e-02  1.4024e+00  6.0067e-01  2.4352e+01
  3.0800e+01  1.1626e-02  1.4035e+00  6.0002e-01  2.4412e+01
  3.0900e+01  1.1403e-02  1.4047e+00  5.9940e-01  2.4472e+01
  3.1000e+01  1.1199e-02  1.4058e+00  5.9879e-01  2.4532e+01
  3.1100e+01  1.1015e-02  1.4069e+00  5.9820e-01  2.4592e+01
  3.1200e+01  1.0852e-02  1.4080e+00  5.9763e-01  2.4651e+01
  3.1300e+01  1.0710e-02  1.4091e+00  5.9707e-01  2.4711e+01
  3.1400e+01  1.0590e-02  1.4102e+00  5.9652e-01  2.4771e+01
  3.1500e+01  1.0491e-02  1.4112e+00  5.9598e-01  2.4830e+01
  3.1600e+01  1.0416e-02  1.4123e+00  5.9545e-01  2.4890e+01
  3.1700e+01  1.0363e-02  1.4133e+00  5.9493e-01  2.4950e+01
  3.1800e+01  1.0333e-02  1.4143e+00  5.9442e-01  2.5009e+01
  3.1900e+01  1.0326e-02  1.4154e+00  5.9390e-01  2.5068e+01
  3.2000e+01  1.0341e-02  1.4164e+00  5.9339e-01  2.5128e+01
  3.2100e+01  1.0380e-02  1.4174e+00  5.9288e-01  2.5187e+01
  3.2200e+01  1.0442e-02  1.4185e+00  5.9236e-01  2.5246e+01
  3.2300e+01  1.0525e-02  1.4195e+00  5.9184e-01  2.5306e+01
  3.2400e+01  1.0632e-02  1.4206e+00  5.9131e-01  2.5365e+01
  3.2500e+01  1.0759e-02  1.4217e+00  5.9077e-01  2.5424e+01
  3.2600e+01  1.0909e-02  1.4227e+00  5.9022e-01  2.5483e+01
  3.2700e+01  1.1079e-02  1.4238e+00  5.8966e-01  2.5542e+01
  3.2800e+01  1.1269e-02  1.4250e+00  5.8909e-01  2.5601e+01
  3.2900e+01  1.1478e-02  1.4261e+00  5.8850e-01  2.5660e+01
  3.3000e+01  1.1706e-02  1.4272e+00  5.8789e-01  2.5719e+01
  3.3100e+01  1.1953e-02  1.4284e+00  5.8727e-01  2.5777e+01
  3.3200e+01  1.2216e-02  1.4296e+00  5.8663e-01  2.5836e+01
  3.3300e+01  1.2496e-02  1.4309e+00  5.8596e-01  2.5895e+01
  3.3400e+01  1.2790e-02  1.4321e+00  5.8528e-01  2.5953e+01
  3.3500e+01  1.3099e-02  1.4334e+00  5.8457e-01  2.6012e+01
  3.3600e+01  1.3421e-02  1.4348e+00  5.8384e-01  2.6070e+01
  3.3700e+01  1.3755e-02  1.4361e+00  5.8308e-01  2.6128e+01
  3.3800e+01  1.4100e-02  1.4375e+00  5.8230e-01  2.6187e+01
  3.3900e+01  1.4454e-02  1.4389e+00  5.8149e-01  2.6245e+01
  3.4000e+01  1.4818e-02  1.4404e+00  5.8066e-01  2.6303e+01
  3.4100e+01  1.5188e-02  1.4419e+00  5.7980e-01  2.6361e+01
  3.4200e+01  1.5565e-02  1.4434e+00  5.7891e-01  2.6419e+01
  3.4300e+01  1.5946e-02  1.4450e+00  5.7799e-01  2.6477e+01
  3.4400e+01  1.6331e-02  1.4466e+00  5.7705e-01  2.6535e+01
  3.4500e+01  1.6719e-02  1.4483e+00  5.7608e-01  2.6592e+01
  3.4600e+01  1.7108e-02  1.4500e+00  5.7508e-01  2.6650e+01
  3.4700e+01  1.7497e-02  1.4517e+00  5.7406e-01  2.6707e+01
  3.4800e+01  1.7885e-02  1.4535e+00  5.7300e-01  2.6765e+01
  3.4900e+01  1.8270e-02  1.4553e+00  5.7192e-01  2.6822e+01
  3.5000e+01  1.8652e-02  1.4571e+00  5.7082e-01  2.6879e+01
  3.5100e+01  1.9029e-02  1.4590e+00  5.6969e-01  2.6936e+01
  3.5200e+01  1.9400e-02  1.4609e+00  5.6853e-01  2.6993e+01
  3.5300e+01  1.9765e-02  1.4629e+00  5.6735e-01  2.7050e+01
  3.5400e+01  2.0122e-02  1.4649e+00  5.6615e-01  2.7106e+01
  3.5500e+01  2.0469e-02  1.4669e+00  5.6492e-01  2.7163e+01
  3.5600e+01  2.0808e-02  1.4690e+00  5.6368e-01  2.7219e+01
  3.5700e+01  2.1135e-02  1.4711e+00  5.6241e-01  2.7276e+01
  3.5800e+01  2.1451e-02  1.4732e+00  5.6113e-01  2.7332e+01
  3.5900e+01  2.1754e-02  1.4754e+00  5.5982e-01  2.7388e+01
  3.6000e+01  2.2045e-02  1.4776e+00  5.5850e-01  2.7444e+01
  3.6100e+01  2.2322e-02  1.4798e+00  5.5717e-01  2.7500e+01
  3.6200e+01  2.2584e-02  1.4820e+00  5.5582e-01  2.7555e+01
  3.6300e+01  2.2831e-02  1.4843e+00  5.5445e-01  2.7611e+01
  3.6400e+01  2.3063e-02  1.4866e+00  5.5308e-01  2.7666e+01
  3.6500e+01  2.3279e-02  1.4889e+00  5.5170e-01  2.7721e+01
  3.6600e+01  2.3479e-02  1.4912e+00  5.5030e-01  2.7776e+01
  3.6700e+01  2.3662e-02  1.4936e+00  5.4890e-01  2.7831e+01
  3.6800e+01  2.3828e-02  1.4960e+00  5.4749e-01  2.7886e+01
  3.6900e+01  2.3977e-02  1.4984e+00  5.4608e-01  2.7941e+01
  3.7000e+01  2.4108e-02  1.5008e+00  5.4467e-01  2.7995e+01
  3.7100e+01  2.4222e-02  1.5032e+00  5.4325e-01  2.8050e+01
  3.7200e+01  2.4319e-02  1.5056e+00  5.4183e-01  2.8104e+01
  3.7300e+01  2.4398e-02  1.5080e+00  5.4041e-01  2.8158e+01
  3.7400e+01  2.4459e-02  1.5105e+00  5.3900e-01  2.8212e+01
  3.7500e+01  2.4504e-02  1.5129e+00  5.3758e-01  2.8266e+01
  3.7600e+01  2.4531e-02  1.5154e+00  5.3618e-01  2.8320e+01
  3.7700e+01  2.4541e-02  1.5178e+00  5.3477e-01  2.8373e+01
  3.7800e+01  2.4535e-02  1.5203e+00  5.3338e-01  2.8427e+01
  3.7900e+01  2.4512e-02  1.5227e+00  5.3199e-01  2.8480e+01
  3.8000e+01  2.4473e-02  1.5252e+00  5.3061e-01  2.8533e+01
  3.8100e+01  2.4418e-02  1.5276e+00  5.2924e-01  2.8586e+01
  3.8200e+01  2.4348e-02  1.5301e+00  5.2788e-01  2.8639e+01
  3.8300e+01  2.4263e-02  1.5325e+00  5.2653e-01  2.8692e+01
  3.8400e+01  2.4164e-02  1.5349e+00  5.2520e-01  2.8744e+01
  3.8500e+01  2.4051e-02  1.5373e+00  5.2388e-01  2.8797e+01
  3.8600e+01  2.3925e-02  1.5397e+00  5.2257e-01  2.8849e+01
  3.8700e+01  2.3786e-02  1.5421e+00  5.2128e-01  2.8901e+01
  3.8800e+01  2.3636e-02  1.5445e+00  5.2000e-01  2.8953e+01
  3.8900e+01  2.3473e-02  1.5469e+00  5.1874e-01  2.9005e+01
  3.9000e+01  2.3300e-02  1.5492e+00  5.1750e-01  2.9057e+01
  3.9100e+01  2.3117e-02  1.5515e+00  5.1627e-01  2.9109e+01
  3.9200e+01  2.2925e-02  1.5538e+00  5.1507e-01  2.9160e+01
  3.9300e+01  2.2723e-02  1.5561e+00  5.1388e-01  2.9212e+01
  3.9400e+01  2.2514e-02  1.5584e+00  5.1271e-01  2.9263e+01
  3.9500e+01  2.2297e-02  1.5606e+00  5.1156e-01  2.9314e+01
  3.9600e+01  2.2074e-02  1.5628e+00  5.1043e-01  2.9365e+01
  3.9700e+01  2.1845e-02  1.5650e+00  5.0931e-01  2.9416e+01
  3.9800e+01  2.1611e-02  1.5672e+00  5.0822e-01  2.9467e+01
  3.9900e+01  2.1372e-02  1.5693e+00  5.0715e-01  2.9518e+01
  4.0000e+01  2.1130e-02  1.5715e+00  5.0610e-01  2.9569e+01
  4.0100e+01  2.0885e-02  1.5736e+00  5.0506e-01  2.9619e+01
  4.0200e+01  2.0638e-02  1.5756e+00  5.0405e-01  2.9670e+01
  4.0300e+01  2.0390e-02  1.5777e+00  5.0306e-01  2.9720e+01
  4.0400e+01  2.0141e-02  1.5797e+00  5.0208e-01  2.9770e+01
  4.0500e+01  1.9892e-02  1.5817e+00  5.0113e-01  2.9820e+01
  4.0600e+01  1.9644e-02  1.5837e+00  5.0019e-01  2.9870e+01
  4.0700e+01  1.9397e-02  1.5857e+00  4.9928e-01  2.9920e+01
  4.0800e+01  1.9153e-02  1.5876e+00  4.9838e-01  2.9970e+01
  4.0900e+01  1.8911e-02  1.5895e+00  4.9750e-01  3.0020e+01
  4.1000e+01  1.8673e-02  1.5914e+00  4.9664e-01  3.0070e+01
  4.1100e+01  1.8439e-02  1.5932e+00  4.9580e-01  3.0119e+01
  4.1200e+01  1.8209e-02  1.5950e+00  4.9498e-01  3.0169e+01
  4.1300e+01  1.7986e-02  1.5969e+00  4.9417e-01  3.0218e+01
  4.1400e+01  1.7768e-02  1.5986e+00  4.9338e-01  3.0268e+01
  4.1500e+01  1.7556e-02  1.6004e+00  4.9260e-01  3.0317e+01
  4.1600e+01  1.7352e-02  1.6022e+00  4.9184e-01  3.0366e+01
  4.1700e+01  1.7156e-02  1.6039e+00  4.9109e-01  3.0415e+01
  4.1800e+01  1.6967e-02  1.6056e+00  4.9036e-01  3.0465e+01
  4.1900e+01  1.6788e-02  1.6073e+00  4.8964e-01  3.0514e+01
  4.2000e+01  1.6617e-02  1.6089e+00  4.8894e-01  3.0562e+01
  4.2100e+01  1.6456e-02  1.6106e+00  4.8824e-01  3.0611e+01
  4.2200e+01  1.6304e-02  1.6122e+00  4.8756e-01  3.0660e+01
  4.2300e+01  1.6164e-02  1.6139e+00  4.8689e-01  3.0709e+01
  4.2400e+01  1.6033e-02  1.6155e+00  4.8623e-01  3.0758e+01
  4.2500e+01  1.5914e-02  1.6171e+00  4.8558e-01  3.0806e+01
  4.2600e+01  1.5806e-02  1.6187e+00  4.8494e-01  3.0855e+01
  4.2700e+01  1.5709e-02  1.6202e+00  4.8430e-01  3.0903e+01
  4.2800e+01  1.5624e-02  1.6218e+00  4.8368e-01  3.0951e+01
  4.2900e+01  1.5551e-02  1.6234e+00  4.8306e-01  3.1000e+01
  4.3000e+01  1.5491e-02  1.6249e+00  4.8244e-01  3.1048e+01
  4.3100e+01  1.5442e-02  1.6265e+00  4.8183e-01  3.1096e+01
  4.3200e+01  1.5406e-02  1.6280e+00  4.8123e-01  3.1144e+01
  4.3300e+01  1.5383e-02  1.6295e+00  4.8062e-01  3.1193e+01
  4.3400e+01  1.5372e-02  1.6311e+00  4.8002e-01  3.1241e+01
  4.3500e+01  1.5373e-02  1.6326e+00  4.7943e-01  3.1289e+01
  4.3600e+01  1.5388e-02  1.6341e+00  4.7883e-01  3.1336e+01
  4.3700e+01  1.5415e-02  1.6357e+00  4.7824e-01  3.1384e+01
  4.3800e+01  1.5454e-02  1.6372e+00  4.7764e-01  3.1432e+01
  4.3900e+01  1.5505e-02  1.6388e+00  4.7704e-01  3.1480e+01
  4.4000e+01  1.5570e-02  1.6403e+00  4.7644e-01  3.1528e+01
  4.4100e+01  1.5646e-02  1.6419e+00  4.7584e-01  3.1575e+01
  4.4200e+01  1.5734e-02  1.6435e+00  4.7524e-01  3.1623e+01
  4.4300e+01  1.5834e-02  1.6450e+00  4.7463e-01  3.1670e+01
  4.4400e+01  1.5945e-02  1.6466e+00  4.7402e-01  3.1718e+01
  4.4500e+01  1.6068e-02  1.6482e+00  4.7340e-01  3.1765e+01
  4.4600e+01  1.6202e-02  1.6498e+00  4.7278e-01  3.1812e+01
  4.4700e+01  1.6347e-02  1.6515e+00  4.7215e-01  3.1860e+01
  4.4800e+01  1.6502e-02  1.6531e+00  4.7152e-01  3.1907e+01
  4.4900e+01  1.6668e-02  1.6548e+00  4.7087e-01  3.1954e+01
  4.5000e+01  1.6843e-02  1.6564e+00  4.7022e-01  3.2001e+01
  4.5100e+01  1.7028e-02  1.6581e+00  4.6956e-01  3.2048e+01
  4.5200e+01  1.7221e-02  1.6599e+00  4.6890e-01  3.2095e+01
  4.5300e+01  1.7423e-02  1.6616e+00  4.6822e-01  3.2142e+01
  4.5400e+01  1.7634e-02  1.6633e+00  4.6753e-01  3.2188e+01
  4.5500e+01  1.7852e-02  1.6651e+00  4.6684e-01  3.2235e+01
  4.5600e+01  1.8077e-02  1.6669e+00  4.6613e-01  3.2282e+01
  4.5700e+01  1.8310e-02  1.6687e+00  4.6542e-01  3.2328e+01
  4.5800e+01  1.8548e-02  1.6706e+00  4.6469e-01  3.2375e+01
  4.5900e+01  1.8793e-02  1.6724e+00  4.6395e-01  3.2421e+01
  4.6000e+01  1.9043e-02  1.6743e+00  4.6320e-01  3.2468e+01
  4.6100e+01  1.9298e-02  1.6762e+00  4.6244e-01  3.2514e+01
  4.6200e+01  1.9557e-02  1.6782e+00  4.6167e-01  3.2560e+01
  4.6300e+01  1.9820e-02  1.6802e+00  4.6088e-01  3.2606e+01
  4.6400e+01  2.0087e-02  1.6822e+00  4.6009e-01  3.2652e+01
  4.6500e+01  2.0356e-02  1.6842e+00  4.5928e-01  3.2698e+01
  4.6600e+01  2.0627e-02  1.6862e+00  4.5846e-01  3.2744e+01
  4.6700e+01  2.0901e-02  1.6883e+00  4.5763e-01  3.2790e+01
  4.6800e+01  2.1176e-02  1.6904e+00  4.5679e-01  3.2836e+01
  4.6900e+01  2.1451e-02  1.6925e+00  4.5593e-01  3.2881e+01
  4.7000e+01  2.1727e-02  1.6947e+00  4.5507e-01  3.2927e+01
  4.7100e+01  2.2003e-02  1.6969e+00  4.5419e-01  3.2972e+01
  4.7200e+01  2.2278e-02  1.6991e+00  4.5330e-01  3.3018e+01
  4.7300e+01  2.2552e-02  1.7013e+00  4.5240e-01  3.3063e+01
  4.7400e+01  2.2824e-02  1.7036e+00  4.5149e-01  3.3108e+01
  4.7500e+01  2.3094e-02  1.7059e+00  4.5057e-01  3.3153e+01
  4.7600e+01  2.3362e-02  1.7082e+00  4.4964e-01  3.3198e+01
  4.7700e+01  2.3626e-02  1.7106e+00  4.4870e-01  3.3243e+01
  4.7800e+01  2.3887e-02  1.7129e+00  4.4774e-01  3.3288e+01
  4.7900e+01  2.4144e-02  1.7154e+00  4.4678e-01  3.3333e+01
  4.8000e+01  2.4398e-02  1.7178e+00  4.4581e-01  3.3377e+01
  4.8100e+01  2.4646e-02  1.7202e+00  4.4483e-01  3.3422e+01
  4.8200e+01  2.4889e-02  1.7227e+00  4.4384e-01  3.3466e+01
  4.8300e+01  2.5128e-02  1.7252e+00  4.4285e-01  3.3511e+01
  4.8400e+01  2.5360e-02  1.7277e+00  4.4184e-01  3.3555e+01
  4.8500e+01  2.5586e-02  1.7303e+00  4.4083e-01  3.3599e+01
  4.8600e+01  2.5806e-02  1.7328e+00  4.3981e-01  3.3643e+01
  4.8700e+01  2.6020e-02  1.7354e+00  4.3879e-01  3.3687e+01
  4.8800e+01  2.6227e-02  1.7381e+00  4.3776e-01  3.3731e+01
  4.8900e+01  2.6426e-02  1.7407e+00  4.3672e-01  3.3775e+01
  4.9000e+01  2.6619e-02  1.7433e+00  4.3568e-01  3.3818e+01
  4.9100e+01  2.6803e-02  1.7460e+00  4.3463e-01  3.3862e+01
  4.9200e+01  2.6980e-02  1.7487e+00  4.3358e-01  3.3905e+01
  4.9300e+01  2.7150e-02  1.7514e+00  4.3253e-01  3.3948e+01
  4.9400e+01  2.7311e-02  1.7541e+00  4.3147e-01  3.3992e+01
  4.9500e+01  2.7464e-02  1.7569e+00  4.3041e-01  3.4035e+01
  4.9600e+01  2.7608e-02  1.7596e+00  4.2935e-01  3.4078e+01
  4.9700e+01  2.7744e-02  1.7624e+00  4.2829e-01  3.4121e+01
  4.9800e+01  2.7872e-02  1.7652e+00  4.2722e-01  3.4163e+01
  4.9900e+01  2.7991e-02  1.7680e+00  4.2616e-01  3.4206e+01
  5.0000e+01  2.8102e-02  1.7708e+00  4.2509e-01  3.4249e+01
  5.0100e+01  2.8204e-02  1.7736e+00  4.2402e-01  3.4291e+01
  5.0200e+01  2.8297e-02  1.7764e+00  4.2296e-01  3.4333e+01
  5.0300e+01  2.8382e-02  1.7792e+00  4.2189e-01  3.4376e+01
  5.0400e+01  2.8458e-02  1.7821e+00  4.2083e-01  3.4418e+01
  5.0500e+01  2.8526e-02  1.7849e+00  4.1976e-01  3.4460e+01
  5.0600e+01  2.8585e-02  1.7878e+00  4.1870e-01  3.4502e+01
  5.0700e+01  2.8636e-02  1.7906e+00  4.1765e-01  3.4544e+01
  5.0800e+01  2.8678e-02  1.7935e+00  4.1659e-01  3.4585e+01
  5.0900e+01  2.8712e-02  1.7964e+00  4.1554e-01  3.4627e+01
  5.1000e+01  2.8738e-02  1.7993e+00  4.1449e-01  3.4668e+01
  5.1100e+01  2.8756e-02  1.8021e+00  4.1345e-01  3.4710e+01
  5.1200e+01  2.8767e-02  1.8050e+00  4.1241e-01  3.4751e+01
  5.1300e+01  2.8769e-02  1.8079e+00  4.1137e-01  3.4792e+01
  5.1400e+01  2.8764e-02  1.8108e+00  4.1034e-01  3.4833e+01
  5.1500e+01  2.8752e-02  1.8136e+00  4.0932e-01  3.4874e+01
  5.1600e+01  2.8732e-02  1.8165e+00  4.0830e-01  3.4915e+01
  5.1700e+01  2.8705e-02  1.8194e+00  4.0728e-01  3.4956e+01
  5.1800e+01  2.8672e-02  1.8223e+00  4.0628e-01  3.4997e+01
  5.1900e+01  2.8632e-02  1.8251e+00  4.0528e-01  3.5037e+01
  5.2000e+01  2.8586e-02  1.8280e+00  4.0428e-01  3.5078e+01
  5.2100e+01  2.8533e-02  1.8308e+00  4.0329e-01  3.5118e+01
  5.2200e+01  2.8475e-02  1.8337e+00  4.0231e-01  3.5158e+01
  5.2300e+01  2.8411e-02  1.8365e+00  4.0134e-01  3.5199e+01
  5.2400e+01  2.8341e-02  1.8394e+00  4.0037e-01  3.5239e+01
  5.2500e+01  2.8267e-02  1.8422e+00  3.9942e-01  3.5279e+01
  5.2600e+01  2.8187e-02  1.8450e+00  3.9847e-01  3.5319e+01
  5.2700e+01  2.8103e-02  1.8478e+00  3.9752e-01  3.5358e+01
  5.2800e+01  2.8014e-02  1.8506e+00  3.9659e-01  3.5398e+01
  5.2900e+01  2.7922e-02  1.8534e+00  3.9566e-01  3.5438e+01
  5.3000e+01  2.7825e-02  1.8562e+00  3.9474e-01  3.5477e+01
  5.3100e+01  2.7725e-02  1.8590e+00  3.9383e-01  3.5517e+01
  5.3200e+01  2.7621e-02  1.8618e+00  3.9293e-01  3.5556e+01
  5.3300e+01  2.7515e-02  1.8645e+00  3.9204e-01  3.5595e+01
  5.3400e+01  2.7406e-02  1.8673e+00  3.9116e-01  3.5634e+01
  5.3500e+01  2.7294e-02  1.8700e+00  3.9028e-01  3.5673e+01
  5.3600e+01  2.7180e-02  1.8727e+00  3.8941e-01  3.5712e+01
  5.3700e+01  2.7064e-02  1.8754e+00  3.8855e-01  3.5751e+01
  5.3800e+01  2.6946e-02  1.8781e+00  3.8770e-01  3.5790e+01
  5.3900e+01  2.6827e-02  1.8808e+00  3.8686e-01  3.5829e+01
  5.4000e+01  2.6707e-02  1.8835e+00  3.8603e-01  3.5868e+01
  5.4100e+01  2.6586e-02  1.8862e+00  3.8520e-01  3.5906e+01
  5.4200e+01  2.6465e-02  1.8888e+00  3.8438e-01  3.5945e+01
  5.4300e+01  2.6343e-02  1.8915e+00  3.8358e-01  3.5983e+01
  5.4400e+01  2.6221e-02  1.8941e+00  3.8278e-01  3.6021e+01
  5.4500e+01  2.6099e-02  1.8967e+00  3.8198e-01  3.6060e+01
  5.4600e+01  2.5978e-02  1.8993e+00  3.8120e-01  3.6098e+01
  5.4700e+01  2.5857e-02  1.9019e+00  3.8043e-01  3.6136e+01
  5.4800e+01  2.5737e-02  1.9045e+00  3.7966e-01  3.6174e+01
  5.4900e+01  2.5619e-02  1.9071e+00  3.7890e-01  3.6212e+01
  5.5000e+01  2.5502e-02  1.9096e+00  3.7815e-01  3.6250e+01
  5.5100e+01  2.5386e-02  1.9122e+00  3.7740e-01  3.6287e+01
  5.5200e+01  2.5273e-02  1.9147e+00  3.7667e-01  3.6325e+01
  5.5300e+01  2.5162e-02  1.9172e+00  3.7594e-01  3.6363e+01
  5.5400e+01  2.5052e-02  1.9197e+00  3.7521e-01  3.6400e+01
  5.5500e+01  2.4946e-02  1.9222e+00  3.7450e-01  3.6438e+01
  5.5600e+01  2.4842e-02  1.9247e+00  3.7379e-01  3.6475e+01
  5.5700e+01  2.4741e-02  1.9272e+00  3.7309e-01  3.6512e+01
  5.5800e+01  2.4644e-02  1.9297e+00  3.7239e-01  3.6550e+01
  5.5900e+01  2.4549e-02  1.9321e+00  3.7170e-01  3.6587e+01
  5.6000e+01  2.4458e-02  1.9346e+00  3.7102e-01  3.6624e+01
  5.6100e+01  2.4371e-02  1.9370e+00  3.7034e-01  3.6661e+01
  5.6200e+01  2.4287e-02  1.9394e+00  3.6967e-01  3.6698e+01
  5.6300e+01  2.4208e-02  1.9419e+00  3.6901e-01  3.6735e+01
  5.6400e+01  2.4133e-02  1.9443e+00  3.6835e-01  3.6772e+01
  5.6500e+01  2.4061e-02  1.9467e+00  3.6769e-01  3.6809e+01
  5.6600e+01  2.3995e-02  1.9491e+00  3.6704e-01  3.6846e+01
  5.6700e+01  2.3933e-02  1.9515e+00  3.6640e-01  3.6882e+01
  5.6800e+01  2.3875e-02  1.9539e+00  3.6576e-01  3.6919e+01
  5.6900e+01  2.3822e-02  1.9563e+00  3.6512e-01  3.6955e+01
  5.7000e+01  2.3775e-02  1.9586e+00  3.6449e-01  3.6992e+01
  5.7100e+01  2.3732e-02  1.9610e+00  3.6386e-01  3.7028e+01
  5.7200e+01  2.3694e-02  1.9634e+00  3.6324e-01  3.7065e+01
  5.7300e+01  2.3661e-02  1.9658e+00  3.6262e-01  3.7101e+01
  5.7400e+01  2.3634e-02  1.9681e+00  3.6200e-01  3.7137e+01
  5.7500e+01  2.3612e-02  1.9705e+00  3.6139e-01  3.7173e+01
  5.7600e+01  2.3595e-02  1.9728e+00  3.6078e-01  3.7209e+01
  5.7700e+01  2.3584e-02  1.9752e+00  3.6017e-01  3.7245e+01
  5.7800e+01  2.3578e-02  1.9776e+00  3.5956e-01  3.7281e+01
  5.7900e+01  2.3577e-02  1.9799e+00  3.5896e-01  3.7317e+01
  5.8000e+01  2.3582e-02  1.9823e+00  3.5836e-01  3.7353e+01
  5.8100e+01  2.3593e-02  1.9846e+00  3.5776e-01  3.7389e+01
  5.8200e+01  2.3609e-02  1.9870e+00  3.5716e-01  3.7425e+01
  5.8300e+01  2.3631e-02  1.9894e+00  3.5657e-01  3.7460e+01
  5.8400e+01  2.3658e-02  1.9917e+00  3.5597e-01  3.7496e+01
  5.8500e+01  2.3691e-02  1.9941e+00  3.5538e-01  3.7532e+01
  5.8600e+01  2.3729e-02  1.9965e+00  3.5478e-01  3.7567e+01
  5.8700e+01  2.3773e-02  1.9988e+00  3.5419e-01  3.7603e+01
  5.8800e+01  2.3822e-02  2.0012e+00  3.5360e-01  3.7638e+01
  5.8900e+01  2.3877e-02  2.0036e+00  3.5301e-01  3.7673e+01
  5.9000e+01  2.3937e-02  2.0060e+00  3.5241e-01  3.7709e+01
  5.9100e+01  2.4002e-02  2.0084e+00  3.5182e-01  3.7744e+01
  5.9200e+01  2.4073e-02  2.0108e+00  3.5123e-01  3.7779e+01
  5.9300e+01  2.4149e-02  2.0132e+00  3.5064e-01  3.7814e+01
  5.9400e+01  2.4231e-02  2.0156e+00  3.5004e-01  3.7849e+01
  5.9500e+01  2.4317e-02  2.0181e+00  3.4945e-01  3.7884e+01
  5.9600e+01  2.4408e-02  2.0205e+00  3.4886e-01  3.7919e+01
  5.9700e+01  2.4505e-02  2.0229e+00  3.4826e-01  3.7954e+01
  5.9800e+01  2.4606e-02  2.0254e+00  3.4766e-01  3.7989e+01
  5.9900e+01  2.4712e-02  2.0279e+00  3.4706e-01  3.8023e+01
  6.0000e+01  2.4823e-02  2.0303e+00  3.4646e-01  3.8058e+01
  6.0100e+01  2.4938e-02  2.0328e+00  3.4586e-01  3.8093e+01
  6.0200e+01  2.5058e-02  2.0353e+00  3.4526e-01  3.8127e+01
  6.0300e+01  2.5182e-02  2.0378e+00  3.4465e-01  3.8162e+01
  6.0400e+01  2.5310e-02  2.0404e+00  3.4405e-01  3.8196e+01
  6.0500e+01  2.5442e-02  2.0429e+00  3.4344e-01  3.8231e+01
  6.0600e+01  2.5579e-02  2.0454e+00  3.4282e-01  3.8265e+01
  6.0700e+01  2.5719e-02  2.0480e+00  3.4221e-01  3.8299e+01
  6.0800e+01  2.5863e-02  2.0506e+00  3.4159e-01  3.8333e+01
  6.0900e+01  2.6011e-02  2.0532e+00  3.4097e-01  3.8367e+01
  6.1000e+01  2.6162e-02  2.0558e+00  3.4035e-01  3.8401e+01
  6.1100e+01  2.6317e-02  2.0584e+00  3.3973e-01  3.8435e+01
  6.1200e+01  2.6474e-02  2.0611e+00  3.3910e-01  3.8469e+01
  6.1300e+01  2.6635e-02  2.0637e+00  3.3847e-01  3.8503e+01
  6.1400e+01  2.6799e-02  2.0664e+00  3.3784e-01  3.8537e+01
  6.1500e+01  2.6965e-02  2.0691e+00  3.3720e-01  3.8571e+01
  6.1600e+01  2.7134e-02  2.0718e+00  3.3656e-01  3.8605e+01
  6.1700e+01  2.7306e-02  2.0745e+00  3.3592e-01  3.8638e+01
  6.1800e+01  2.7480e-02  2.0772e+00  3.3528e-01  3.8672e+01
  6.1900e+01  2.7656e-02  2.0800e+00  3.3463e-01  3.8705e+01
  6.2000e+01  2.7834e-02  2.0828e+00  3.3398e-01  3.8739e+01
  6.2100e+01  2.8014e-02  2.0856e+00  3.3332e-01  3.8772e+01
  6.2200e+01  2.8195e-02  2.0884e+00  3.3267e-01  3.8805e+01
  6.2300e+01  2.8378e-02  2.0912e+00  3.3201e-01  3.8839e+01
  6.2400e+01  2.8563e-02  2.0940e+00  3.3134e-01  3.8872e+01
  6.2500e+01  2.8749e-02  2.0969e+00  3.3068e-01  3.8905e+01
  6.2600e+01  2.8936e-02  2.0998e+00  3.3001e-01  3.8938e+01
  6.2700e+01  2.9124e-02  2.1027e+00  3.2933e-01  3.8971e+01
  6.2800e+01  2.9313e-02  2.1056e+00  3.2866e-01  3.9004e+01
  6.2900e+01  2.9502e-02  2.1086e+00  3.2798e-01  3.9037e+01
  6.3000e+01  2.9692e-02  2.1115e+00  3.2730e-01  3.9069e+01
  6.3100e+01  2.9883e-02  2.1145e+00  3.2661e-01  3.9102e+01
  6.3200e+01  3.0073e-02  2.1175e+00  3.2592e-01  3.9135e+01
  6.3300e+01  3.0264e-02  2.1205e+00  3.2523e-01  3.9167e+01
  6.3400e+01  3.0455e-02  2.1236e+00  3.2454e-01  3.9200e+01
  6.3500e+01  3.0645e-02  2.1266e+00  3.2384e-01  3.9232e+01
  6.3600e+01  3.0836e-02  2.1297e+00  3.2314e-01  3.9264e+01
  6.3700e+01  3.1026e-02  2.1328e+00  3.2244e-01  3.9297e+01
  6.3800e+01  3.1215e-02  2.1359e+00  3.2173e-01  3.9329e+01
  6.3900e+01  3.1403e-02  2.1390e+00  3.2103e-01  3.9361e+01
  6.4000e+01  3.1591e-02  2.1422e+00  3.2032e-01  3.9393e+01
  6.4100e+01  3.1778e-02  2.1453e+00  3.1960e-01  3.9425e+01
  6.4200e+01  3.1964e-02  2.1485e+00  3.1889e-01  3.9457e+01
  6.4300e+01  3.2148e-02  2.1517e+00  3.1817e-01  3.9489e+01
  6.4400e+01  3.2332e-02  2.1550e+00  3.1745e-01  3.9521e+01
  6.4500e+01  3.2514e-02  2.1582e+00  3.1673e-01  3.9552e+01
  6.4600e+01  3.2694e-02  2.1615e+00  3.1601e-01  3.9584e+01
  6.4700e+01  3.2873e-02  2.1647e+00  3.1528e-01  3.9616e+01
  6.4800e+01  3.3050e-02  2.1680e+00  3.1455e-01  3.9647e+01
  6.4900e+01  3.3226e-02  2.1713e+00  3.1382e-01  3.9679e+01
  6.5000e+01  3.3399e-02  2.1747e+00  3.1309e-01  3.9710e+01
  6.5100e+01  3.3571e-02  2.1780e+00  3.1236e-01  3.9741e+01
  6.5200e+01  3.3740e-02  2.1814e+00  3.1163e-01  3.9772e+01
  6.5300e+01  3.3908e-02  2.1848e+00  3.1089e-01  3.9803e+01
  6.5400e+01  3.4073e-02  2.1882e+00  3.1015e-01  3.9835e+01
  6.5500e+01  3.4236e-02  2.1916e+00  3.0942e-01  3.9865e+01
  6.5600e+01  3.4396e-02  2.1950e+00  3.0868e-01  3.9896e+01
  6.5700e+01  3.4554e-02  2.1985e+00  3.0794e-01  3.9927e+01
  6.5800e+01  3.4710e-02  2.2019e+00  3.0720e-01  3.9958e+01
  6.5900e+01  3.4863e-02  2.2054e+00  3.0645e-01  3.9989e+01
  6.6000e+01  3.5014e-02  2.2089e+00  3.0571e-01  4.0019e+01
  6.6100e+01  3.5162e-02  2.2124e+00  3.0497e-01  4.0050e+01
  6.6200e+01  3.5307e-02  2.2159e+00  3.0422e-01  4.0080e+01
  6.6300e+01  3.5450e-02  2.2195e+00  3.0348e-01  4.0111e+01
  6.6400e+01  3.5590e-02  2.2230e+00  3.0274e-01  4.0141e+01
  6.6500e+01  3.5727e-02  2.2266e+00  3.0199e-01  4.0171e+01
  6.6600e+01  3.5861e-02  2.2302e+00  3.0125e-01  4.0201e+01
  6.6700e+01  3.5992e-02  2.2338e+00  3.0050e-01  4.0231e+01
  6.6800e+01  3.6121e-02  2.2374e+00  2.9976e-01  4.0261e+01
  6.6900e+01  3.6247e-02  2.2410e+00  2.9901e-01  4.0291e+01
  6.7000e+01  3.6369e-02  2.2446e+00  2.9827e-01  4.0321e+01
  6.7100e+01  3.6489e-02  2.2483e+00  2.9753e-01  4.0351e+01
  6.7200e+01  3.6606e-02  2.2519e+00  2.9678e-01  4.0381e+01
  6.7300e+01  3.6720e-02  2.2556e+00  2.9604e-01  4.0410e+01
  6.7400e+01  3.6831e-02  2.2593e+00  2.9530e-01  4.0440e+01
  6.7500e+01  3.6939e-02  2.2629e+00  2.9456e-01  4.0469e+01
  6.7600e+01  3.7044e-02  2.2666e+00  2.9382e-01  4.0499e+01
  6.7700e+01  3.7146e-02  2.2704e+00  2.9308e-01  4.0528e+01
  6.7800e+01  3.7245e-02  2.2741e+00  2.9234e-01  4.0558e+01
  6.7900e+01  3.7342e-02  2.2778e+00  2.9160e-01  4.0587e+01
  6.8000e+01  3.7435e-02  2.2815e+00  2.9087e-01  4.0616e+01
  6.8100e+01  3.7526e-02  2.2853e+00  2.9013e-01  4.0645e+01
  6.8200e+01  3.7613e-02  2.2890e+00  2.8940e-01  4.0674e+01
  6.8300e+01  3.7698e-02  2.2928e+00  2.8867e-01  4.0703e+01
  6.8400e+01  3.7780e-02  2.2966e+00  2.8794e-01  4.0732e+01
  6.8500e+01  3.7859e-02  2.3004e+00  2.8721e-01  4.0760e+01
  6.8600e+01  3.7936e-02  2.3042e+00  2.8648e-01  4.0789e+01
  6.8700e+01  3.8010e-02  2.3080e+00  2.8576e-01  4.0818e+01
  6.8800e+01  3.8081e-02  2.3118e+00  2.8503e-01  4.0846e+01
  6.8900e+01  3.8149e-02  2.3156e+00  2.8431e-01  4.0875e+01
  6.9000e+01  3.8215e-02  2.3194e+00  2.8359e-01  4.0903e+01
  6.9100e+01  3.8278e-02  2.3232e+00  2.8287e-01  4.0931e+01
  6.9200e+01  3.8338e-02  2.3270e+00  2.8216e-01  4.0960e+01
  6.9300e+01  3.8396e-02  2.3309e+00  2.8144e-01  4.0988e+01
  6.9400e+01  3.8452e-02  2.3347e+00  2.8073e-01  4.1016e+01
  6.9500e+01  3.8505e-02  2.3386e+00  2.8002e-01  4.1044e+01
  6.9600e+01  3.8556e-02  2.3424e+00  2.7931e-01  4.1072e+01
  6.9700e+01  3.8605e-02  2.3463e+00  2.7861e-01  4.1100e+01
  6.9800e+01  3.8651e-02  2.3501e+00  2.7791e-01  4.1128e+01
  6.9900e+01  3.8695e-02  2.3540e+00  2.7721e-01  4.1155e+01
  7.0000e+01  3.8737e-02  2.3579e+00  2.7651e-01  4.1183e+01
  7.0100e+01  3.8777e-02  2.3618e+00  2.7581e-01  4.1211e+01
  7.0200e+01  3.8815e-02  2.3656e+00  2.7512e-01  4.1238e+01
  7.0300e+01  3.8850e-02  2.3695e+00  2.7443e-01  4.1266e+01
  7.0400e+01  3.8884e-02  2.3734e+00  2.7374e-01  4.1293e+01
  7.0500e+01  3.8916e-02  2.3773e+00  2.7306e-01  4.1320e+01
  7.0600e+01  3.8946e-02  2.3812e+00  2.7238e-01  4.1348e+01
  7.0700e+01  3.8975e-02  2.3851e+00  2.7170e-01  4.1375e+01
  7.0800e+01  3.9002e-02  2.3890e+00  2.7102e-01  4.1402e+01
  7.0900e+01  3.9027e-02  2.3929e+00  2.7034e-01  4.1429e+01
  7.1000e+01  3.9050e-02  2.3968e+00  2.6967e-01  4.1456e+01
  7.1100e+01  3.9072e-02  2.4007e+00  2.6900e-01  4.1483e+01
  7.1200e+01  3.9093e-02  2.4046e+00  2.6834e-01  4.1510e+01
  7.1300e+01  3.9112e-02  2.4085e+00  2.6768e-01  4.1537e+01
  7.1400e+01  3.9130e-02  2.4124e+00  2.6702e-01  4.1563e+01
  7.1500e+01  3.9147e-02  2.4163e+00  2.6636e-01  4.1590e+01
  7.1600e+01  3.9162e-02  2.4203e+00  2.6570e-01  4.1617e+01
  7.1700e+01  3.9176e-02  2.4242e+00  2.6505e-01  4.1643e+01
  7.1800e+01  3.9190e-02  2.4281e+00  2.6440e-01  4.1670e+01
  7.1900e+01  3.9202e-02  2.4320e+00  2.6376e-01  4.1696e+01
  7.2000e+01  3.9213e-02  2.4359e+00  2.6311e-01  4.1723e+01
  7.2100e+01  3.9224e-02  2.4399e+00  2.6247e-01  4.1749e+01
  7.2200e+01  3.9233e-02  2.4438e+00  2.6183e-01  4.1775e+01
  7.2300e+01  3.9242e-02  2.4477e+00  2.6120e-01  4.1801e+01
  7.2400e+01  3.9250e-02  2.4516e+00  2.6057e-01  4.1827e+01
  7.2500e+01  3.9258e-02  2.4556e+00  2.5994e-01  4.1853e+01
  7.2600e+01  3.9265e-02  2.4595e+00  2.5931e-01  4.1879e+01
  7.2700e+01  3.9272e-02  2.4634e+00  2.5869e-01  4.1905e+01
  7.2800e+01  3.9278e-02  2.4673e+00  2.5807e-01  4.1931e+01
  7.2900e+01  3.9284e-02  2.4713e+00  2.5745e-01  4.1957e+01
  7.3000e+01  3.9289e-02  2.4752e+00  2.5684e-01  4.1982e+01
  7.3100e+01  3.9294e-02  2.4791e+00  2.5623e-01  4.2008e+01
  7.3200e+01  3.9299e-02  2.4830e+00  2.5562e-01  4.2034e+01
  7.3300e+01  3.9304e-02  2.4870e+00  2.5501e-01  4.2059e+01
  7.3400e+01  3.9309e-02  2.4909e+00  2.5441e-01  4.2085e+01
  7.3500e+01  3.9314e-02  2.4948e+00  2.5381e-01  4.2110e+01
  7.3600e+01  3.9318e-02  2.4988e+00  2.5321e-01  4.2135e+01
  7.3700e+01  3.9323e-02  2.5027e+00  2.5261e-01  4.2161e+01
  7.3800e+01  3.9328e-02  2.5066e+00  2.5202e-01  4.2186e+01
  7.3900e+01  3.9334e-02  2.5106e+00  2.5143e-01  4.2211e+01
  7.4000e+01  3.9339e-02  2.5145e+00  2.5084e-01  4.2236e+01
  7.4100e+01  3.9345e-02  2.5184e+00  2.5026e-01  4.2261e+01
  7.4200e+01  3.9351e-02  2.5224e+00  2.4967e-01  4.2286e+01
  7.4300e+01  3.9358e-02  2.5263e+00  2.4910e-01  4.2311e+01
  7.4400e+01  3.9365e-02  2.5302e+00  2.4852e-01  4.2336e+01
  7.4500e+01  3.9373e-02  2.5342e+00  2.4794e-01  4.2361e+01
  7.4600e+01  3.9381e-02  2.5381e+00  2.4737e-01  4.2386e+01
  7.4700e+01  3.9390e-02  2.5421e+00  2.4680e-01  4.2410e+01
  7.4800e+01  3.9399e-02  2.5460e+00  2.4624e-01  4.2435e+01
  7.4900e+01  3.9409e-02  2.5499e+00  2.4567e-01  4.2460e+01
  7.5000e+01  3.9420e-02  2.5539e+00  2.4511e-01  4.2484e+01
  7.5100e+01  3.9432e-02  2.5578e+00  2.4455e-01  4.2509e+01
  7.5200e+01  3.9444e-02  2.5618e+00  2.4399e-01  4.2533e+01
  7.5300e+01  3.9458e-02  2.5657e+00  2.4344e-01  4.2558e+01
  7.5400e+01  3.9472e-02  2.5697e+00  2.4288e-01  4.2582e+01
  7.5500e+01  3.9487e-02  2.5736e+00  2.4233e-01  4.2606e+01
  7.5600e+01  3.9504e-02  2.5776e+00  2.4179e-01  4.2630e+01
  7.5700e+01  3.9521e-02  2.5815e+00  2.4124e-01  4.2654e+01
  7.5800e+01  3.9539e-02  2.5855e+00  2.4070e-01  4.2679e+01
  7.5900e+01  3.9559e-02  2.5894e+00  2.4015e-01  4.2703e+01
  7.6000e+01  3.9580e-02  2.5934e+00  2.3961e-01  4.2727e+01
  7.6100e+01  3.9601e-02  2.5973e+00  2.3908e-01  4.2751e+01
  7.6200e+01  3.9624e-02  2.6013e+00  2.3854e-01  4.2774e+01
  7.6300e+01  3.9649e-02  2.6053e+00  2.3801e-01  4.2798e+01
  7.6400e+01  3.9674e-02  2.6092e+00  2.3748e-01  4.2822e+01
  7.6500e+01  3.9701e-02  2.6132e+00  2.3695e-01  4.2846e+01
  7.6600e+01  3.9729e-02  2.6172e+00  2.3642e-01  4.2869e+01
  7.6700e+01  3.9759e-02  2.6211e+00  2.3589e-01  4.2893e+01
  7.6800e+01  3.9789e-02  2.6251e+00  2.3537e-01  4.2917e+01
  7.6900e+01  3.9822e-02  2.6291e+00  2.3485e-01  4.2940e+01
  7.7000e+01  3.9855e-02  2.6331e+00  2.3433e-01  4.2964e+01
  7.7100e+01  3.9890e-02  2.6371e+00  2.3381e-01  4.2987e+01
  7.7200e+01  3.9927e-02  2.6411e+00  2.3329e-01  4.3010e+01
  7.7300e+01  3.9965e-02  2.6451e+00  2.3278e-01  4.3034e+01
  7.7400e+01  4.0005e-02  2.6490e+00  2.3226e-01  4.3057e+01
  7.7500e+01  4.0046e-02  2.6531e+00  2.3175e-01  4.3080e+01
  7.7600e+01  4.0088e-02  2.6571e+00  2.3124e-01  4.3103e+01
  7.7700e+01  4.0133e-02  2.6611e+00  2.3073e-01  4.3126e+01
  7.7800e+01  4.0178e-02  2.6651e+00  2.3022e-01  4.3149e+01
  7.7900e+01  4.0226e-02  2.6691e+00  2.2972e-01  4.3172e+01
  7.8000e+01  4.0275e-02  2.6731e+00  2.2921e-01  4.3195e+01
  7.8100e+01  4.0325e-02  2.6772e+00  2.2871e-01  4.3218e+01
  7.8200e+01  4.0377e-02  2.6812e+00  2.2821e-01  4.3241e+01
  7.8300e+01  4.0431e-02  2.6852e+00  2.2771e-01  4.3264e+01
  7.8400e+01  4.0487e-02  2.6893e+00  2.2721e-01  4.3287e+01
  7.8500e+01  4.0544e-02  2.6933e+00  2.2671e-01  4.3309e+01
  7.8600e+01  4.0602e-02  2.6974e+00  2.2622e-01  4.3332e+01
  7.8700e+01  4.0663e-02  2.7015e+00  2.2572e-01  4.3355e+01
  7.8800e+01  4.0725e-02  2.7055e+00  2.2523e-01  4.3377e+01
  7.8900e+01  4.0789e-02  2.7096e+00  2.2473e-01  4.3400e+01
  7.9000e+01  4.0854e-02  2.7137e+00  2.2424e-01  4.3422e+01
  7.9100e+01  4.0921e-02  2.7178e+00  2.2375e-01  4.3444e+01
  7.9200e+01  4.0990e-02  2.7219e+00  2.2326e-01  4.3467e+01
  7.9300e+01  4.1061e-02  2.7260e+00  2.2278e-01  4.3489e+01
  7.9400e+01  4.1133e-02  2.7301e+00  2.2229e-01  4.3511e+01
  7.9500e+01  4.1207e-02  2.7342e+00  2.2180e-01  4.3534e+01
  7.9600e+01  4.1282e-02  2.7383e+00  2.2132e-01  4.3556e+01
  7.9700e+01  4.1360e-02  2.7425e+00  2.2083e-01  4.3578e+01
  7.9800e+01  4.1438e-02  2.7466e+00  2.2035e-01  4.3600e+01
  7.9900e+01  4.1519e-02  2.7507e+00  2.1987e-01  4.3622e+01
  8.0000e+01  4.1601e-02  2.7549e+00  2.1939e-01  4.3644e+01
  8.0100e+01  4.1685e-02  2.7591e+00  2.1890e-01  4.3666e+01
  8.0200e+01  4.1771e-02  2.7632e+00  2.1842e-01  4.3688e+01
  8.0300e+01  4.1858e-02  2.7674e+00  2.1795e-01  4.3709e+01
  8.0400e+01  4.1947e-02  2.7716e+00  2.1747e-01  4.3731e+01
  8.0500e+01  4.2037e-02  2.7758e+00  2.1699e-01  4.3753e+01
  8.0600e+01  4.2130e-02  2.7800e+00  2.1651e-01  4.3775e+01
  8.0700e+01  4.2223e-02  2.7842e+00  2.1604e-01  4.3796e+01
  8.0800e+01  4.2319e-02  2.7885e+00  2.1556e-01  4.3818e+01
  8.0900e+01  4.2416e-02  2.7927e+00  2.1509e-01  4.3839e+01
  8.1000e+01  4.2514e-02  2.7969e+00  2.1461e-01  4.3861e+01
  8.1100e+01  4.2614e-02  2.8012e+00  2.1414e-01  4.3882e+01
  8.1200e+01  4.2716e-02  2.8055e+00  2.1367e-01  4.3904e+01
  8.1300e+01  4.2819e-02  2.8097e+00  2.1320e-01  4.3925e+01
  8.1400e+01  4.2924e-02  2.8140e+00  2.1272e-01  4.3946e+01
  8.1500e+01  4.3030e-02  2.8183e+00  2.1225e-01  4.3968e+01
  8.1600e+01  4.3138e-02  2.8226e+00  2.1178e-01  4.3989e+01
  8.1700e+01  4.3248e-02  2.8270e+00  2.1131e-01  4.4010e+01
  8.1800e+01  4.3358e-02  2.8313e+00  2.1084e-01  4.4031e+01
  8.1900e+01  4.3471e-02  2.8356e+00  2.1037e-01  4.4052e+01
  8.2000e+01  4.3584e-02  2.8400e+00  2.0991e-01  4.4073e+01
  8.2100e+01  4.3700e-02  2.8443e+00  2.0944e-01  4.4094e+01
  8.2200e+01  4.3816e-02  2.8487e+00  2.0897e-01  4.4115e+01
  8.2300e+01  4.3934e-02  2.8531e+00  2.0850e-01  4.4136e+01
  8.2400e+01  4.4054e-02  2.8575e+00  2.0804e-01  4.4157e+01
  8.2500e+01  4.4174e-02  2.8619e+00  2.0757e-01  4.4177e+01
  8.2600e+01  4.4296e-02  2.8663e+00  2.0710e-01  4.4198e+01
  8.2700e+01  4.4420e-02  2.8708e+00  2.0664e-01  4.4219e+01
  8.2800e+01  4.4545e-02  2.8752e+00  2.0617e-01  4.4239e+01
  8.2900e+01  4.4671e-02  2.8797e+00  2.0571e-01  4.4260e+01
  8.3000e+01  4.4798e-02  2.8842e+00  2.0524e-01  4.4281e+01
  8.3100e+01  4.4927e-02  2.8886e+00  2.0478e-01  4.4301e+01
  8.3200e+01  4.5056e-02  2.8931e+00  2.0432e-01  4.4322e+01
  8.3300e+01  4.5187e-02  2.8977e+00  2.0385e-01  4.4342e+01
  8.3400e+01  4.5320e-02  2.9022e+00  2.0339e-01  4.4362e+01
  8.3500e+01  4.5453e-02  2.9067e+00  2.0293e-01  4.4383e+01
  8.3600e+01  4.5588e-02  2.9113e+00  2.0246e-01  4.4403e+01
  8.3700e+01  4.5723e-02  2.9158e+00  2.0200e-01  4.4423e+01
  8.3800e+01  4.5860e-02  2.9204e+00  2.0154e-01  4.4443e+01
  8.3900e+01  4.5998e-02  2.9250e+00  2.0108e-01  4.4463e+01
  8.4000e+01  4.6137e-02  2.9296e+00  2.0062e-01  4.4484e+01
  8.4100e+01  4.6277e-02  2.9342e+00  2.0016e-01  4.4504e+01
  8.4200e+01  4.6418e-02  2.9389e+00  1.9970e-01  4.4524e+01
  8.4300e+01  4.6560e-02  2.9435e+00  1.9924e-01  4.4544e+01
  8.4400e+01  4.6703e-02  2.9482e+00  1.9877e-01  4.4563e+01
  8.4500e+01  4.6847e-02  2.9529e+00  1.9831e-01  4.4583e+01
  8.4600e+01  4.6992e-02  2.9576e+00  1.9785e-01  4.4603e+01
  8.4700e+01  4.7138e-02  2.9623e+00  1.9740e-01  4.4623e+01
  8.4800e+01  4.7285e-02  2.9670e+00  1.9694e-01  4.4643e+01
  8.4900e+01  4.7432e-02  2.9717e+00  1.9648e-01  4.4662e+01
  8.5000e+01  4.7581e-02  2.9765e+00  1.9602e-01  4.4682e+01
  8.5100e+01  4.7730e-02  2.9812e+00  1.9556e-01  4.4701e+01
  8.5200e+01  4.7881e-02  2.9860e+00  1.9510e-01  4.4721e+01
  8.5300e+01  4.8032e-02  2.9908e+00  1.9464e-01  4.4740e+01
  8.5400e+01  4.8184e-02  2.9956e+00  1.9419e-01  4.4760e+01
  8.5500e+01  4.8336e-02  3.0004e+00  1.9373e-01  4.4779e+01
  8.5600e+01  4.8489e-02  3.0053e+00  1.9327e-01  4.4799e+01
  8.5700e+01  4.8643e-02  3.0101e+00  1.9281e-01  4.4818e+01
  8.5800e+01  4.8798e-02  3.0150e+00  1.9236e-01  4.4837e+01
  8.5900e+01  4.8954e-02  3.0199e+00  1.9190e-01  4.4856e+01
  8.6000e+01  4.9110e-02  3.0248e+00  1.9144e-01  4.4876e+01
  8.6100e+01  4.9266e-02  3.0297e+00  1.9099e-01  4.4895e+01
  8.6200e+01  4.9424e-02  3.0347e+00  1.9053e-01  4.4914e+01
  8.6300e+01  4.9582e-02  3.0396e+00  1.9007e-01  4.4933e+01
  8.6400e+01  4.9740e-02  3.0446e+00  1.8962e-01  4.4952e+01
  8.6500e+01  4.9899e-02  3.0496e+00  1.8916e-01  4.4971e+01
  8.6600e+01  5.0059e-02  3.0546e+00  1.8871e-01  4.4990e+01
  8.6700e+01  5.0219e-02  3.0596e+00  1.8825e-01  4.5008e+01
  8.6800e+01  5.0379e-02  3.0646e+00  1.8780e-01  4.5027e+01
  8.6900e+01  5.0540e-02  3.0696e+00  1.8735e-01  4.5046e+01
  8.7000e+01  5.0702e-02  3.0747e+00  1.8689e-01  4.5065e+01
  8.7100e+01  5.0864e-02  3.0798e+00  1.8644e-01  4.5083e+01
  8.7200e+01  5.1026e-02  3.0849e+00  1.8599e-01  4.5102e+01
  8.7300e+01  5.1189e-02  3.0900e+00  1.8553e-01  4.5121e+01
  8.7400e+01  5.1353e-02  3.0951e+00  1.8508e-01  4.5139e+01
  8.7500e+01  5.1516e-02  3.1003e+00  1.8463e-01  4.5158e+01
  8.7600e+01  5.1680e-02  3.1054e+00  1.8417e-01  4.5176e+01
  8.7700e+01  5.1844e-02  3.1106e+00  1.8372e-01  4.5194e+01
  8.7800e+01  5.2009e-02  3.1158e+00  1.8327e-01  4.5213e+01
  8.7900e+01  5.2174e-02  3.1210e+00  1.8282e-01  4.5231e+01
  8.8000e+01  5.2339e-02  3.1262e+00  1.8237e-01  4.5249e+01
  8.8100e+01  5.2505e-02  3.1315e+00  1.8192e-01  4.5268e+01
  8.8200e+01  5.2671e-02  3.1367e+00  1.8147e-01  4.5286e+01
  8.8300e+01  5.2837e-02  3.1420e+00  1.8102e-01  4.5304e+01
  8.8400e+01  5.3003e-02  3.1473e+00  1.8057e-01  4.5322e+01
  8.8500e+01  5.3169e-02  3.1526e+00  1.8012e-01  4.5340e+01
  8.8600e+01  5.3336e-02  3.1579e+00  1.7967e-01  4.5358e+01
  8.8700e+01  5.3503e-02  3.1633e+00  1.7922e-01  4.5376e+01
  8.8800e+01  5.3670e-02  3.1686e+00  1.7877e-01  4.5394e+01
  8.8900e+01  5.3837e-02  3.1740e+00  1.7833e-01  4.5412e+01
  8.9000e+01  5.4004e-02  3.1794e+00  1.7788e-01  4.5430e+01
  8.9100e+01  5.4172e-02  3.1848e+00  1.7743e-01  4.5447e+01
  8.9200e+01  5.4339e-02  3.1902e+00  1.7699e-01  4.5465e+01
  8.9300e+01  5.4507e-02  3.1957e+00  1.7654e-01  4.5483e+01
  8.9400e+01  5.4675e-02  3.2011e+00  1.7610e-01  4.5500e+01
  8.9500e+01  5.4843e-02  3.2066e+00  1.7565e-01  4.5518e+01
  8.9600e+01  5.5011e-02  3.2121e+00  1.7521e-01  4.5535e+01
  8.9700e+01  5.5179e-02  3.2176e+00  1.7476e-01  4.5553e+01
  8.9800e+01  5.5347e-02  3.2231e+00  1.7432e-01  4.5570e+01
  8.9900e+01  5.5515e-02  3.2287e+00  1.7387e-01  4.5588e+01
  9.0000e+01  5.5683e-02  3.2342e+00  1.7343e-01  4.5605e+01
  9.0100e+01  5.5851e-02  3.2398e+00  1.7299e-01  4.5622e+01
  9.0200e+01  5.6019e-02  3.2454e+00  1.7255e-01  4.5640e+01
  9.0300e+01  5.6187e-02  3.2510e+00  1.7211e-01  4.5657e+01
  9.0400e+01  5.6355e-02  3.2566e+00  1.7166e-01  4.5674e+01
  9.0500e+01  5.6523e-02  3.2623e+00  1.7122e-01  4.5691e+01
  9.0600e+01  5.6691e-02  3.2679e+00  1.7078e-01  4.5708e+01
  9.0700e+01  5.6859e-02  3.2736e+00  1.7035e-01  4.5725e+01
  9.0800e+01  5.7027e-02  3.2793e+00  1.6991e-01  4.5743e+01
  9.0900e+01  5.7195e-02  3.2850e+00  1.6947e-01  4.5759e+01
  9.1000e+01  5.7363e-02  3.2908e+00  1.6903e-01  4.5776e+01
  9.1100e+01  5.7531e-02  3.2965e+00  1.6859e-01  4.5793e+01
  9.1200e+01  5.7698e-02  3.3023e+00  1.6816e-01  4.5810e+01
  9.1300e+01  5.7866e-02  3.3080e+00  1.6772e-01  4.5827e+01
  9.1400e+01  5.8034e-02  3.3138e+00  1.6729e-01  4.5844e+01
  9.1500e+01  5.8201e-02  3.3196e+00  1.6685e-01  4.5860e+01
  9.1600e+01  5.8368e-02  3.3255e+00  1.6642e-01  4.5877e+01
  9.1700e+01  5.8535e-02  3.3313e+00  1.6598e-01  4.5894e+01
  9.1800e+01  5.8703e-02  3.3372e+00  1.6555e-01  4.5910e+01
  9.1900e+01  5.8870e-02  3.3431e+00  1.6512e-01  4.5927e+01
  9.2000e+01  5.9036e-02  3.3490e+00  1.6469e-01  4.5943e+01
  9.2100e+01  5.9203e-02  3.3549e+00  1.6426e-01  4.5960e+01
  9.2200e+01  5.9370e-02  3.3608e+00  1.6383e-01  4.5976e+01
  9.2300e+01  5.9536e-02  3.3667e+00  1.6340e-01  4.5992e+01
  9.2400e+01  5.9702e-02  3.3727e+00  1.6297e-01  4.6009e+01
  9.2500e+01  5.9868e-02  3.3787e+00  1.6254e-01  4.6025e+01
  9.2600e+01  6.0034e-02  3.3847e+00  1.6211e-01  4.6041e+01
  9.2700e+01  6.0200e-02  3.3907e+00  1.6168e-01  4.6057e+01
  9.2800e+01  6.0366e-02  3.3967e+00  1.6126e-01  4.6074e+01
  9.2900e+01  6.0531e-02  3.4028e+00  1.6083e-01  4.6090e+01
  9.3000e+01  6.0697e-02  3.4088e+00  1.6041e-01  4.6106e+01
  9.3100e+01  6.0862e-02  3.4149e+00  1.5998e-01  4.6122e+01
  9.3200e+01  6.1027e-02  3.4210e+00  1.5956e-01  4.6138e+01
  9.3300e+01  6.1192e-02  3.4271e+00  1.5914e-01  4.6154e+01
  9.3400e+01  6.1357e-02  3.4332e+00  1.5871e-01  4.6170e+01
  9.3500e+01  6.1521e-02  3.4394e+00  1.5829e-01  4.6185e+01
  9.3600e+01  6.1685e-02  3.4455e+00  1.5787e-01  4.6201e+01
  9.3700e+01  6.1850e-02  3.4517e+00  1.5745e-01  4.6217e+01
  9.3800e+01  6.2014e-02  3.4579e+00  1.5703e-01  4.6233e+01
  9.3900e+01  6.2177e-02  3.4641e+00  1.5662e-01  4.6248e+01
  9.4000e+01  6.2341e-02  3.4703e+00  1.5620e-01  4.6264e+01
  9.4100e+01  6.2504e-02  3.4766e+00  1.5578e-01  4.6280e+01
  9.4200e+01  6.2668e-02  3.4828e+00  1.5537e-01  4.6295e+01
  9.4300e+01  6.2831e-02  3.4891e+00  1.5495e-01  4.6311e+01
  9.4400e+01  6.2994e-02  3.4954e+00  1.5454e-01  4.6326e+01
  9.4500e+01  6.3156e-02  3.5017e+00  1.5412e-01  4.6342e+01
  9.4600e+01  6.3319e-02  3.5080e+00  1.5371e-01  4.6357e+01
  9.4700e+01  6.3481e-02  3.5144e+00  1.5330e-01  4.6372e+01
  9.4800e+01  6.3644e-02  3.5207e+00  1.5289e-01  4.6388e+01
  9.4900e+01  6.3806e-02  3.5271e+00  1.5248e-01  4.6403e+01
  9.5000e+01  6.3967e-02  3.5335e+00  1.5207e-01  4.6418e+01
  9.5100e+01  6.4129e-02  3.5399e+00  1.5166e-01  4.6433e+01
  9.5200e+01  6.4291e-02  3.5463e+00  1.5125e-01  4.6449e+01
  9.5300e+01  6.4452e-02  3.5528e+00  1.5084e-01  4.6464e+01
  9.5400e+01  6.4613e-02  3.5592e+00  1.5044e-01  4.6479e+01
  9.5500e+01  6.4774e-02  3.5657e+00  1.5003e-01  4.6494e+01
  9.5600e+01  6.4935e-02  3.5722e+00  1.4963e-01  4.6509e+01
  9.5700e+01  6.5096e-02  3.5787e+00  1.4922e-01  4.6524e+01
  9.5800e+01  6.5256e-02  3.5852e+00  1.4882e-01  4.6539e+01
  9.5900e+01  6.5417e-02  3.5917e+00  1.4842e-01  4.6553e+01
  9.6000e+01  6.5577e-02  3.5983e+00  1.4802e-01  4.6568e+01
  9.6100e+01  6.5737e-02  3.6048e+00  1.4762e-01  4.6583e+01
  9.6200e+01  6.5897e-02  3.6114e+00  1.4722e-01  4.6598e+01
  9.6300e+01  6.6057e-02  3.6180e+00  1.4682e-01  4.6612e+01
  9.6400e+01  6.6216e-02  3.6246e+00  1.4642e-01  4.6627e+01
  9.6500e+01  6.6376e-02  3.6313e+00  1.4603e-01  4.6642e+01
  9.6600e+01  6.6535e-02  3.6379e+00  1.4563e-01  4.6656e+01
  9.6700e+01  6.6695e-02  3.6446e+00  1.4524e-01  4.6671e+01
  9.6800e+01  6.6854e-02  3.6512e+00  1.4484e-01  4.6685e+01
  9.6900e+01  6.7013e-02  3.6579e+00  1.4445e-01  4.6700e+01
  9.7000e+01  6.7172e-02  3.6647e+00  1.4406e-01  4.6714e+01
  9.7100e+01  6.7330e-02  3.6714e+00  1.4367e-01  4.6729e+01
  9.7200e+01  6.7489e-02  3.6781e+00  1.4328e-01  4.6743e+01
  9.7300e+01  6.7648e-02  3.6849e+00  1.4289e-01  4.6757e+01
  9.7400e+01  6.7806e-02  3.6916e+00  1.4250e-01  4.6772e+01
  9.7500e+01  6.7964e-02  3.6984e+00  1.4211e-01  4.6786e+01
  9.7600e+01  6.8123e-02  3.7052e+00  1.4172e-01  4.6800e+01
  9.7700e+01  6.8281e-02  3.7121e+00  1.4134e-01  4.6814e+01
  9.7800e+01  6.8439e-02  3.7189e+00  1.4095e-01  4.6828e+01
  9.7900e+01  6.8597e-02  3.7257e+00  1.4057e-01  4.6842e+01
  9.8000e+01  6.8755e-02  3.7326e+00  1.4019e-01  4.6856e+01
  9.8100e+01  6.8913e-02  3.7395e+00  1.3980e-01  4.6870e+01
  9.8200e+01  6.9070e-02  3.7464e+00  1.3942e-01  4.6884e+01
  9.8300e+01  6.9228e-02  3.7533e+00  1.3904e-01  4.6898e+01
  9.8400e+01  6.9386e-02  3.7602e+00  1.3866e-01  4.6912e+01
  9.8500e+01  6.9543e-02  3.7672e+00  1.3829e-01  4.6926e+01
  9.8600e+01  6.9701e-02  3.7742e+00  1.3791e-01  4.6940e+01
  9.8700e+01  6.9858e-02  3.7811e+00  1.3753e-01  4.6954e+01
  9.8800e+01  7.0016e-02  3.7881e+00  1.3716e-01  4.6967e+01
  9.8900e+01  7.0173e-02  3.7951e+00  1.3678e-01  4.6981e+01
  9.9000e+01  7.0330e-02  3.8022e+00  1.3641e-01  4.6995e+01
  9.9100e+01  7.0488e-02  3.8092e+00  1.3603e-01  4.7008e+01
  9.9200e+01  7.0645e-02  3.8163e+00  1.3566e-01  4.7022e+01
  9.9300e+01  7.0802e-02  3.8233e+00  1.3529e-01  4.7035e+01
  9.9400e+01  7.0960e-02  3.8304e+00  1.3492e-01  4.7049e+01
  9.9500e+01  7.1117e-02  3.8375e+00  1.3455e-01  4.7062e+01
  9.9600e+01  7.1274e-02  3.8446e+00  1.3419e-01  4.7076e+01
  9.9700e+01  7.1432e-02  3.8518e+00  1.3382e-01  4.7089e+01
  9.9800e+01  7.1589e-02  3.8589e+00  1.3345e-01  4.7103e+01
  9.9900e+01  7.1746e-02  3.8661e+00  1.3309e-01  4.7116e+01
  1.0000e+02  7.1903e-02  3.8733e+00  1.3272e-01  4.7129e+01
  1.0010e+02  7.2061e-02  3.8805e+00  1.3236e-01  4.7142e+01
  1.0020e+02  7.2218e-02  3.8877e+00  1.3200e-01  4.7156e+01
  1.0030e+02  7.2375e-02  3.8949e+00  1.3164e-01  4.7169e+01
  1.0040e+02  7.2533e-02  3.9022e+00  1.3128e-01  4.7182e+01
  1.0050e+02  7.2690e-02  3.9094e+00  1.3092e-01  4.7195e+01
  1.0060e+02  7.2848e-02  3.9167e+00  1.3056e-01  4.7208e+01
  1.0070e+02  7.3005e-02  3.9240e+00  1.3020e-01  4.7221e+01
  1.0080e+02  7.3163e-02  3.9313e+00  1.2984e-01  4.7234e+01
  1.0090e+02  7.3321e-02  3.9386e+00  1.2949e-01  4.7247e+01
  1.0100e+02  7.3479e-02  3.9460e+00  1.2913e-01  4.7260e+01
  1.0110e+02  7.3636e-02  3.9533e+00  1.2878e-01  4.7273e+01
  1.0120e+02  7.3794e-02  3.9607e+00  1.2843e-01  4.7286e+01
  1.0130e+02  7.3952e-02  3.9681e+00  1.2808e-01  4.7299e+01
  1.0140e+02  7.4110e-02  3.9755e+00  1.2772e-01  4.7312e+01
  1.0150e+02  7.4269e-02  3.9829e+00  1.2737e-01  4.7324e+01
  1.0160e+02  7.4427e-02  3.9903e+00  1.2703e-01  4.7337e+01
  1.0170e+02  7.4585e-02  3.9978e+00  1.2668e-01  4.7350e+01
  1.0180e+02  7.4744e-02  4.0053e+00  1.2633e-01  4.7362e+01
  1.0190e+02  7.4902e-02  4.0127e+00  1.2598e-01  4.7375e+01
  1.0200e+02  7.5061e-02  4.0202e+00  1.2564e-01  4.7388e+01
  1.0210e+02  7.5220e-02  4.0277e+00  1.2529e-01  4.7400e+01
  1.0220e+02  7.5379e-02  4.0353e+00  1.2495e-01  4.7413e+01
  1.0230e+02  7.5538e-02  4.0428e+00  1.2461e-01  4.7425e+01
  1.0240e+02  7.5697e-02  4.0504e+00  1.2427e-01  4.7438e+01
  1.0250e+02  7.5856e-02  4.0580e+00  1.2393e-01  4.7450e+01
  1.0260e+02  7.6016e-02  4.0656e+00  1.2359e-01  4.7462e+01
  1.0270e+02  7.6176e-02  4.0732e+00  1.2325e-01  4.7475e+01
  1.0280e+02  7.6335e-02  4.0808e+00  1.2291e-01  4.7487e+01
  1.0290e+02  7.6495e-02  4.0884e+00  1.2257e-01  4.7499e+01
  1.0300e+02  7.6656e-02  4.0961e+00  1.2224e-01  4.7511e+01
  1.0310e+02  7.6816e-02  4.1038e+00  1.2190e-01  4.7524e+01
  1.0320e+02  7.6976e-02  4.1115e+00  1.2157e-01  4.7536e+01
  1.0330e+02  7.7137e-02  4.1192e+00  1.2124e-01  4.7548e+01
  1.0340e+02  7.7298e-02  4.1269e+00  1.2090e-01  4.7560e+01
  1.0350e+02  7.7459e-02  4.1346e+00  1.2057e-01  4.7572e+01
  1.0360e+02  7.7620e-02  4.1424e+00  1.2024e-01  4.7584e+01
  1.0370e+02  7.7782e-02  4.1501e+00  1.1991e-01  4.7596e+01
  1.0380e+02  7.7943e-02  4.1579e+00  1.1958e-01  4.7608e+01
  1.0390e+02  7.8105e-02  4.1657e+00  1.1926e-01  4.7620e+01
  1.0400e+02  7.8267e-02  4.1736e+00  1.1893e-01  4.7632e+01
  1.0410e+02  7.8430e-02  4.1814e+00  1.1860e-01  4.7644e+01
  1.0420e+02  7.8592e-02  4.1892e+00  1.1828e-01  4.7656e+01
  1.0430e+02  7.8755e-02  4.1971e+00  1.1795e-01  4.7668e+01
  1.0440e+02  7.8918e-02  4.2050e+00  1.1763e-01  4.7679e+01
  1.0450e+02  7.9081e-02  4.2129e+00  1.1731e-01  4.7691e+01
  1.0460e+02  7.9244e-02  4.2208e+00  1.1699e-01  4.7703e+01
  1.0470e+02  7.9408e-02  4.2287e+00  1.1667e-01  4.7715e+01
  1.0480e+02  7.9572e-02  4.2367e+00  1.1635e-01  4.7726e+01
  1.0490e+02  7.9736e-02  4.2447e+00  1.1603e-01  4.7738e+01
  1.0500e+02  7.9900e-02  4.2526e+00  1.1571e-01  4.7749e+01
  1.0510e+02  8.0065e-02  4.2606e+00  1.1540e-01  4.7761e+01
  1.0520e+02  8.0230e-02  4.2686e+00  1.1508e-01  4.7772e+01
  1.0530e+02  8.0395e-02  4.2767e+00  1.1476e-01  4.7784e+01
  1.0540e+02  8.0560e-02  4.2847e+00  1.1445e-01  4.7795e+01
  1.0550e+02  8.0726e-02  4.2928e+00  1.1414e-01  4.7807e+01
  1.0560e+02  8.0892e-02  4.3009e+00  1.1382e-01  4.7818e+01
  1.0570e+02  8.1058e-02  4.3090e+00  1.1351e-01  4.7830e+01
  1.0580e+02  8.1225e-02  4.3171e+00  1.1320e-01  4.7841e+01
  1.0590e+02  8.1392e-02  4.3252e+00  1.1289e-01  4.7852e+01
  1.0600e+02  8.1559e-02  4.3334e+00  1.1258e-01  4.7864e+01
  1.0610e+02  8.1726e-02  4.3415e+00  1.1228e-01  4.7875e+01
  1.0620e+02  8.1894e-02  4.3497e+00  1.1197e-01  4.7886e+01
  1.0630e+02  8.2062e-02  4.3579e+00  1.1166e-01  4.7897e+01
  1.0640e+02  8.2230e-02  4.3661e+00  1.1136e-01  4.7908e+01
  1.0650e+02  8.2399e-02  4.3744e+00  1.1105e-01  4.7919e+01
  1.0660e+02  8.2568e-02  4.3826e+00  1.1075e-01  4.7931e+01
  1.0670e+02  8.2737e-02  4.3909e+00  1.1045e-01  4.7942e+01
  1.0680e+02  8.2906e-02  4.3991e+00  1.1014e-01  4.7953e+01
  1.0690e+02  8.3076e-02  4.4074e+00  1.0984e-01  4.7964e+01
  1.0700e+02  8.3246e-02  4.4158e+00  1.0954e-01  4.7975e+01
  1.0710e+02  8.3417e-02  4.4241e+00  1.0924e-01  4.7985e+01
  1.0720e+02  8.3588e-02  4.4324e+00  1.0895e-01  4.7996e+01
  1.0730e+02  8.3759e-02  4.4408e+00  1.0865e-01  4.8007e+01
  1.0740e+02  8.3930e-02  4.4492e+00  1.0835e-01  4.8018e+01
  1.0750e+02  8.4102e-02  4.4576e+00  1.0805e-01  4.8029e+01
  1.0760e+02  8.4274e-02  4.4660e+00  1.0776e-01  4.8040e+01
  1.0770e+02  8.4447e-02  4.4745e+00  1.0747e-01  4.8051e+01
  1.0780e+02  8.4620e-02  4.4829e+00  1.0717e-01  4.8061e+01
  1.0790e+02  8.4793e-02  4.4914e+00  1.0688e-01  4.8072e+01
  1.0800e+02  8.4966e-02  4.4999e+00  1.0659e-01  4.8083e+01
  1.0810e+02  8.5140e-02  4.5084e+00  1.0630e-01  4.8093e+01
  1.0820e+02  8.5314e-02  4.5169e+00  1.0601e-01  4.8104e+01
  1.0830e+02  8.5489e-02  4.5254e+00  1.0572e-01  4.8114e+01
  1.0840e+02  8.5664e-02  4.5340e+00  1.0543e-01  4.8125e+01
  1.0850e+02  8.5839e-02  4.5426e+00  1.0514e-01  4.8136e+01
  1.0860e+02  8.6015e-02  4.5512e+00  1.0485e-01  4.8146e+01
  1.0870e+02  8.6191e-02  4.5598e+00  1.0457e-01  4.8157e+01
  1.0880e+02  8.6367e-02  4.5684e+00  1.0428e-01  4.8167e+01
  1.0890e+02  8.6544e-02  4.5770e+00  1.0400e-01  4.8177e+01
  1.0900e+02  8.6721e-02  4.5857e+00  1.0371e-01  4.8188e+01
  1.0910e+02  8.6898e-02  4.5944e+00  1.0343e-01  4.8198e+01
  1.0920e+02  8.7076e-02  4.6031e+00  1.0315e-01  4.8208e+01
  1.0930e+02  8.7255e-02  4.6118e+00  1.0287e-01  4.8219e+01
  1.0940e+02  8.7433e-02  4.6205e+00  1.0259e-01  4.8229e+01
  1.0950e+02  8.7612e-02  4.6293e+00  1.0231e-01  4.8239e+01
  1.0960e+02  8.7792e-02  4.6381e+00  1.0203e-01  4.8249e+01
  1.0970e+02  8.7971e-02  4.6468e+00  1.0175e-01  4.8260e+01
  1.0980e+02  8.8151e-02  4.6557e+00  1.0147e-01  4.8270e+01
  1.0990e+02  8.8332e-02  4.6645e+00  1.0120e-01  4.8280e+01
  1.1000e+02  8.8513e-02  4.6733e+00  1.0092e-01  4.8290e+01
  1.1010e+02  8.8694e-02  4.6822e+00  1.0065e-01  4.8300e+01
  1.1020e+02  8.8876e-02  4.6911e+00  1.0037e-01  4.8310e+01
  1.1030e+02  8.9058e-02  4.7000e+00  1.0010e-01  4.8320e+01
  1.1040e+02  8.9241e-02  4.7089e+00  9.9827e-02  4.8330e+01
  1.1050e+02  8.9423e-02  4.7178e+00  9.9555e-02  4.8340e+01
  1.1060e+02  8.9607e-02  4.7268e+00  9.9284e-02  4.8350e+01
  1.1070e+02  8.9790e-02  4.7357e+00  9.9014e-02  4.8360e+01
  1.1080e+02  8.9975e-02  4.7447e+00  9.8744e-02  4.8370e+01
  1.1090e+02  9.0159e-02  4.7537e+00  9.8476e-02  4.8380e+01
  1.1100e+02  9.0344e-02  4.7627e+00  9.8208e-02  4.8390e+01
  1.1110e+02  9.0529e-02  4.7718e+00  9.7941e-02  4.8399e+01
  1.1120e+02  9.0715e-02  4.7809e+00  9.7674e-02  4.8409e+01
  1.1130e+02  9.0901e-02  4.7899e+00  9.7408e-02  4.8419e+01
  1.1140e+02  9.1088e-02  4.7990e+00  9.7143e-02  4.8429e+01
  1.1150e+02  9.1275e-02  4.8081e+00  9.6879e-02  4.8438e+01
  1.1160e+02  9.1462e-02  4.8173e+00  9.6616e-02  4.8448e+01
  1.1170e+02  9.1650e-02  4.8264e+00  9.6353e-02  4.8458e+01
  1.1180e+02  9.1838e-02  4.8356e+00  9.6091e-02  4.8467e+01
  1.1190e+02  9.2026e-02  4.8448e+00  9.5830e-02  4.8477e+01
  1.1200e+02  9.2215e-02  4.8540e+00  9.5569e-02  4.8487e+01
  1.1210e+02  9.2405e-02  4.8633e+00  9.5310e-02  4.8496e+01
  1.1220e+02  9.2595e-02  4.8725e+00  9.5051e-02  4.8506e+01
  1.1230e+02  9.2785e-02  4.8818e+00  9.4792e-02  4.8515e+01
  1.1240e+02  9.2976e-02  4.8911e+00  9.4535e-02  4.8525e+01
  1.1250e+02  9.3167e-02  4.9004e+00  9.4278e-02  4.8534e+01
  1.1260e+02  9.3358e-02  4.9097e+00  9.4022e-02  4.8543e+01
  1.1270e+02  9.3550e-02  4.9190e+00  9.3767e-02  4.8553e+01
  1.1280e+02  9.3743e-02  4.9284e+00  9.3512e-02  4.8562e+01
  1.1290e+02  9.3935e-02  4.9378e+00  9.3258e-02  4.8571e+01
  1.1300e+02  9.4129e-02  4.9472e+00  9.3005e-02  4.8581e+01
  1.1310e+02  9.4322e-02  4.9566e+00  9.2752e-02  4.8590e+01
  1.1320e+02  9.4516e-02  4.9661e+00  9.2500e-02  4.8599e+01
  1.1330e+02  9.4711e-02  4.9755e+00  9.2249e-02  4.8609e+01
  1.1340e+02  9.4906e-02  4.9850e+00  9.1999e-02  4.8618e+01
  1.1350e+02  9.5101e-02  4.9945e+00  9.1749e-02  4.8627e+01
  1.1360e+02  9.5297e-02  5.0040e+00  9.1500e-02  4.8636e+01
  1.1370e+02  9.5493e-02  5.0136e+00  9.1252e-02  4.8645e+01
  1.1380e+02  9.5689e-02  5.0231e+00  9.1005e-02  4.8654e+01
  1.1390e+02  9.5886e-02  5.0327e+00  9.0758e-02  4.8663e+01
  1.1400e+02  9.6084e-02  5.0423e+00  9.0512e-02  4.8673e+01
  1.1410e+02  9.6282e-02  5.0519e+00  9.0266e-02  4.8682e+01
  1.1420e+02  9.6480e-02  5.0615e+00  9.0022e-02  4.8691e+01
  1.1430e+02  9.6679e-02  5.0712e+00  8.9777e-02  4.8700e+01
  1.1440e+02  9.6878e-02  5.0809e+00  8.9534e-02  4.8709e+01
  1.1450e+02  9.7077e-02  5.0906e+00  8.9291e-02  4.8717e+01
  1.1460e+02  9.7277e-02  5.1003e+00  8.9049e-02  4.8726e+01
  1.1470e+02  9.7478e-02  5.1100e+00  8.8808e-02  4.8735e+01
  1.1480e+02  9.7679e-02  5.1198e+00  8.8568e-02  4.8744e+01
  1.1490e+02  9.7880e-02  5.1296e+00  8.8328e-02  4.8753e+01
  1.1500e+02  9.8082e-02  5.1394e+00  8.8088e-02  4.8762e+01
  1.1510e+02  9.8284e-02  5.1492e+00  8.7850e-02  4.8771e+01
  1.1520e+02  9.8486e-02  5.1590e+00  8.7612e-02  4.8779e+01
  1.1530e+02  9.8689e-02  5.1689e+00  8.7375e-02  4.8788e+01
  1.1540e+02  9.8893e-02  5.1788e+00  8.7138e-02  4.8797e+01
  1.1550e+02  9.9097e-02  5.1887e+00  8.6902e-02  4.8806e+01
  1.1560e+02  9.9301e-02  5.1986e+00  8.6667e-02  4.8814e+01
  1.1570e+02  9.9506e-02  5.2085e+00  8.6432e-02  4.8823e+01
  1.1580e+02  9.9711e-02  5.2185e+00  8.6198e-02  4.8832e+01
  1.1590e+02  9.9916e-02  5.2285e+00  8.5965e-02  4.8840e+01
  1.1600e+02  1.0012e-01  5.2385e+00  8.5732e-02  4.8849e+01
  1.1610e+02  1.0033e-01  5.2485e+00  8.5500e-02  4.8857e+01
  1.1620e+02  1.0054e-01  5.2585e+00  8.5269e-02  4.8866e+01
  1.1630e+02  1.0074e-01  5.2686e+00  8.5039e-02  4.8874e+01
  1.1640e+02  1.0095e-01  5.2787e+00  8.4809e-02  4.8883e+01
  1.1650e+02  1.0116e-01  5.2888e+00  8.4579e-02  4.8891e+01
  1.1660e+02  1.0137e-01  5.2989e+00  8.4351e-02  4.8900e+01
  1.1670e+02  1.0158e-01  5.3091e+00  8.4123e-02  4.8908e+01
  1.1680e+02  1.0179e-01  5.3192e+00  8.3895e-02  4.8917e+01
  1.1690e+02  1.0200e-01  5.3294e+00  8.3668e-02  4.8925e+01
  1.1700e+02  1.0221e-01  5.3396e+00  8.3442e-02  4.8933e+01
  1.1710e+02  1.0242e-01  5.3499e+00  8.3217e-02  4.8942e+01
  1.1720e+02  1.0263e-01  5.3601e+00  8.2992e-02  4.8950e+01
  1.1730e+02  1.0284e-01  5.3704e+00  8.2768e-02  4.8958e+01
  1.1740e+02  1.0305e-01  5.3807e+00  8.2544e-02  4.8967e+01
  1.1750e+02  1.0326e-01  5.3910e+00  8.2321e-02  4.8975e+01
  1.1760e+02  1.0348e-01  5.4013e+00  8.2099e-02  4.8983e+01
  1.1770e+02  1.0369e-01  5.4117e+00  8.1877e-02  4.8991e+01
  1.1780e+02  1.0390e-01  5.4221e+00  8.1656e-02  4.8999e+01
  1.1790e+02  1.0412e-01  5.4325e+00  8.1436e-02  4.9008e+01
  1.1800e+02  1.0433e-01  5.4429e+00  8.1216e-02  4.9016e+01
  1.1810e+02  1.0455e-01  5.4533e+00  8.0997e-02  4.9024e+01
  1.1820e+02  1.0476e-01  5.4638e+00  8.0778e-02  4.9032e+01
  1.1830e+02  1.0498e-01  5.4743e+00  8.0560e-02  4.9040e+01
  1.1840e+02  1.0519e-01  5.4848e+00  8.0343e-02  4.9048e+01
  1.1850e+02  1.0541e-01  5.4953e+00  8.0126e-02  4.9056e+01
  1.1860e+02  1.0563e-01  5.5059e+00  7.9910e-02  4.9064e+01
  1.1870e+02  1.0584e-01  5.5165e+00  7.9695e-02  4.9072e+01
  1.1880e+02  1.0606e-01  5.5270e+00  7.9480e-02  4.9080e+01
  1.1890e+02  1.0628e-01  5.5377e+00  7.9266e-02  4.9088e+01
  1.1900e+02  1.0650e-01  5.5483e+00  7.9052e-02  4.9096e+01
  1.1910e+02  1.0672e-01  5.5590e+00  7.8839e-02  4.9104e+01
  1.1920e+02  1.0694e-01  5.5696e+00  7.8626e-02  4.9112e+01
  1.1930e+02  1.0716e-01  5.5804e+00  7.8415e-02  4.9119e+01
  1.1940e+02  1.0738e-01  5.5911e+00  7.8203e-02  4.9127e+01
  1.1950e+02  1.0760e-01  5.6018e+00  7.7993e-02  4.9135e+01
  1.1960e+02  1.0782e-01  5.6126e+00  7.7783e-02  4.9143e+01
  1.1970e+02  1.0804e-01  5.6234e+00  7.7573e-02  4.9151e+01
  1.1980e+02  1.0826e-01  5.6342e+00  7.7364e-02  4.9158e+01
  1.1990e+02  1.0848e-01  5.6450e+00  7.7156e-02  4.9166e+01
  1.2000e+02  1.0871e-01  5.6559e+00  7.6948e-02  4.9174e+01
  1.2010e+02  1.0893e-01  5.6668e+00  7.6741e-02  4.9181e+01
  1.2020e+02  1.0915e-01  5.6777e+00  7.6535e-02  4.9189e+01
  1.2030e+02  1.0938e-01  5.6886e+00  7.6329e-02  4.9197e+01
  1.2040e+02  1.0960e-01  5.6996e+00  7.6123e-02  4.9204e+01
  1.2050e+02  1.0983e-01  5.7105e+00  7.5919e-02  4.9212e+01
  1.2060e+02  1.1005e-01  5.7215e+00  7.5715e-02  4.9220e+01
  1.2070e+02  1.1028e-01  5.7325e+00  7.5511e-02  4.9227e+01
  1.2080e+02  1.1050e-01  5.7436e+00  7.5308e-02  4.9235e+01
  1.2090e+02  1.1073e-01  5.7546e+00  7.5106e-02  4.9242e+01
  1.2100e+02  1.1095e-01  5.7657e+00  7.4904e-02  4.9250e+01
  1.2110e+02  1.1118e-01  5.7768e+00  7.4702e-02  4.9257e+01
  1.2120e+02  1.1141e-01  5.7880e+00  7.4502e-02  4.9265e+01
  1.2130e+02  1.1164e-01  5.7991e+00  7.4302e-02  4.9272e+01
  1.2140e+02  1.1186e-01  5.8103e+00  7.4102e-02  4.9279e+01
  1.2150e+02  1.1209e-01  5.8215e+00  7.3903e-02  4.9287e+01
  1.2160e+02  1.1232e-01  5.8327e+00  7.3705e-02  4.9294e+01
  1.2170e+02  1.1255e-01  5.8440e+00  7.3507e-02  4.9302e+01
  1.2180e+02  1.1278e-01  5.8552e+00  7.3309e-02  4.9309e+01
  1.2190e+02  1.1301e-01  5.8665e+00  7.3113e-02  4.9316e+01
  1.2200e+02  1.1324e-01  5.8778e+00  7.2916e-02  4.9324e+01
  1.2210e+02  1.1347e-01  5.8892e+00  7.2721e-02  4.9331e+01
  1.2220e+02  1.1370e-01  5.9005e+00  7.2526e-02  4.9338e+01
  1.2230e+02  1.1394e-01  5.9119e+00  7.2331e-02  4.9345e+01
  1.2240e+02  1.1417e-01  5.9233e+00  7.2137e-02  4.9353e+01
  1.2250e+02  1.1440e-01  5.9347e+00  7.1944e-02  4.9360e+01
  1.2260e+02  1.1463e-01  5.9462e+00  7.1751e-02  4.9367e+01
  1.2270e+02  1.1487e-01  5.9577e+00  7.1559e-02  4.9374e+01
  1.2280e+02  1.1510e-01  5.9692e+00  7.1367e-02  4.9381e+01
  1.2290e+02  1.1533e-01  5.9807e+00  7.1176e-02  4.9388e+01
  1.2300e+02  1.1557e-01  5.9922e+00  7.0985e-02  4.9396e+01
  1.2310e+02  1.1580e-01  6.0038e+00  7.0795e-02  4.9403e+01
  1.2320e+02  1.1604e-01  6.0154e+00  7.0606e-02  4.9410e+01
  1.2330e+02  1.1627e-01  6.0270e+00  7.0417e-02  4.9417e+01
  1.2340e+02  1.1651e-01  6.0386e+00  7.0228e-02  4.9424e+01
  1.2350e+02  1.1674e-01  6.0503e+00  7.0040e-02  4.9431e+01
  1.2360e+02  1.1698e-01  6.0620e+00  6.9853e-02  4.9438e+01
  1.2370e+02  1.1722e-01  6.0737e+00  6.9666e-02  4.9445e+01
  1.2380e+02  1.1745e-01  6.0854e+00  6.9480e-02  4.9452e+01
  1.2390e+02  1.1769e-01  6.0972e+00  6.9294e-02  4.9459e+01
  1.2400e+02  1.1793e-01  6.1090e+00  6.9109e-02  4.9466e+01
  1.2410e+02  1.1817e-01  6.1208e+00  6.8924e-02  4.9472e+01
  1.2420e+02  1.1841e-01  6.1326e+00  6.8740e-02  4.9479e+01
  1.2430e+02  1.1865e-01  6.1445e+00  6.8556e-02  4.9486e+01
  1.2440e+02  1.1889e-01  6.1563e+00  6.8373e-02  4.9493e+01
  1.2450e+02  1.1913e-01  6.1682e+00  6.8190e-02  4.9500e+01
  1.2460e+02  1.1937e-01  6.1802e+00  6.8008e-02  4.9507e+01
  1.2470e+02  1.1961e-01  6.1921e+00  6.7827e-02  4.9514e+01
  1.2480e+02  1.1985e-01  6.2041e+00  6.7646e-02  4.9520e+01
  1.2490e+02  1.2009e-01  6.2161e+00  6.7465e-02  4.9527e+01
  1.2500e+02  1.2033e-01  6.2281e+00  6.7285e-02  4.9534e+01
  1.2510e+02  1.2057e-01  6.2401e+00  6.7106e-02  4.9541e+01
  1.2520e+02  1.2081e-01  6.2522e+00  6.6927e-02  4.9547e+01
  1.2530e+02  1.2106e-01  6.2643e+00  6.6749e-02  4.9554e+01
  1.2540e+02  1.2130e-01  6.2764e+00  6.6571e-02  4.9561e+01
  1.2550e+02  1.2154e-01  6.2886e+00  6.6393e-02  4.9567e+01
  1.2560e+02  1.2178e-01  6.3007e+00  6.6216e-02  4.9574e+01
  1.2570e+02  1.2203e-01  6.3129e+00  6.6040e-02  4.9580e+01
  1.2580e+02  1.2227e-01  6.3251e+00  6.5864e-02  4.9587e+01
  1.2590e+02  1.2252e-01  6.3374e+00  6.5689e-02  4.9594e+01
  1.2600e+02  1.2276e-01  6.3496e+00  6.5514e-02  4.9600e+01
  1.2610e+02  1.2301e-01  6.3619e+00  6.5340e-02  4.9607e+01
  1.2620e+02  1.2325e-01  6.3742e+00  6.5166e-02  4.9613e+01
  1.2630e+02  1.2350e-01  6.3866e+00  6.4993e-02  4.9620e+01
  1.2640e+02  1.2375e-01  6.3989e+00  6.4820e-02  4.9626e+01
  1.2650e+02  1.2399e-01  6.4113e+00  6.4647e-02  4.9633e+01
  1.2660e+02  1.2424e-01  6.4237e+00  6.4476e-02  4.9639e+01
  1.2670e+02  1.2449e-01  6.4362e+00  6.4304e-02  4.9646e+01
  1.2680e+02  1.2473e-01  6.4486e+00  6.4133e-02  4.9652e+01
  1.2690e+02  1.2498e-01  6.4611e+00  6.3963e-02  4.9658e+01
  1.2700e+02  1.2523e-01  6.4736e+00  6.3793e-02  4.9665e+01
  1.2710e+02  1.2548e-01  6.4862e+00  6.3624e-02  4.9671e+01
  1.2720e+02  1.2573e-01  6.4987e+00  6.3455e-02  4.9678e+01
  1.2730e+02  1.2598e-01  6.5113e+00  6.3287e-02  4.9684e+01
  1.2740e+02  1.2623e-01  6.5239e+00  6.3119e-02  4.9690e+01
  1.2750e+02  1.2647e-01  6.5366e+00  6.2952e-02  4.9697e+01
  1.2760e+02  1.2672e-01  6.5492e+00  6.2785e-02  4.9703e+01
  1.2770e+02  1.2698e-01  6.5619e+00  6.2618e-02  4.9709e+01
  1.2780e+02  1.2723e-01  6.5746e+00  6.2452e-02  4.9715e+01
  1.2790e+02  1.2748e-01  6.5874e+00  6.2287e-02  4.9722e+01
  1.2800e+02  1.2773e-01  6.6001e+00  6.2122e-02  4.9728e+01
  1.2810e+02  1.2798e-01  6.6129e+00  6.1958e-02  4.9734e+01
  1.2820e+02  1.2823e-01  6.6257e+00  6.1794e-02  4.9740e+01
  1.2830e+02  1.2848e-01  6.6385e+00  6.1630e-02  4.9746e+01
  1.2840e+02  1.2874e-01  6.6514e+00  6.1467e-02  4.9752e+01
  1.2850e+02  1.2899e-01  6.6643e+00  6.1305e-02  4.9759e+01
  1.2860e+02  1.2924e-01  6.6772e+00  6.1143e-02  4.9765e+01
  1.2870e+02  1.2950e-01  6.6901e+00  6.0981e-02  4.9771e+01
  1.2880e+02  1.2975e-01  6.7031e+00  6.0820e-02  4.9777e+01
  1.2890e+02  1.3000e-01  6.7161e+00  6.0659e-02  4.9783e+01
  1.2900e+02  1.3026e-01  6.7291e+00  6.0499e-02  4.9789e+01
  1.2910e+02  1.3051e-01  6.7421e+00  6.0340e-02  4.9795e+01
  1.2920e+02  1.3077e-01  6.7552e+00  6.0180e-02  4.9801e+01
  1.2930e+02  1.3102e-01  6.7683e+00  6.0022e-02  4.9807e+01
  1.2940e+02  1.3128e-01  6.7814e+00  5.9863e-02  4.9813e+01
  1.2950e+02  1.3153e-01  6.7945e+00  5.9705e-02  4.9819e+01
  1.2960e+02  1.3179e-01  6.8077e+00  5.9548e-02  4.9825e+01
  1.2970e+02  1.3205e-01  6.8209e+00  5.9391e-02  4.9831e+01
  1.2980e+02  1.3230e-01  6.8341e+00  5.9235e-02  4.9837e+01
  1.2990e+02  1.3256e-01  6.8474e+00  5.9079e-02  4.9843e+01
  1.3000e+02  1.3282e-01  6.8606e+00  5.8923e-02  4.9849e+01
  1.3010e+02  1.3308e-01  6.8739e+00  5.8768e-02  4.9855e+01
  1.3020e+02  1.3333e-01  6.8873e+00  5.8614e-02  4.9861e+01
  1.3030e+02  1.3359e-01  6.9006e+00  5.8460e-02  4.9866e+01
  1.3040e+02  1.3385e-01  6.9140e+00  5.8306e-02  4.9872e+01
  1.3050e+02  1.3411e-01  6.9274e+00  5.8153e-02  4.9878e+01
  1.3060e+02  1.3437e-01  6.9408e+00  5.8000e-02  4.9884e+01
  1.3070e+02  1.3463e-01  6.9542e+00  5.7848e-02  4.9890e+01
  1.3080e+02  1.3489e-01  6.9677e+00  5.7696e-02  4.9895e+01
  1.3090e+02  1.3515e-01  6.9812e+00  5.7544e-02  4.9901e+01
  1.3100e+02  1.3541e-01  6.9947e+00  5.7394e-02  4.9907e+01
  1.3110e+02  1.3567e-01  7.0083e+00  5.7243e-02  4.9913e+01
  1.3120e+02  1.3593e-01  7.0219e+00  5.7093e-02  4.9918e+01
  1.3130e+02  1.3619e-01  7.0355e+00  5.6943e-02  4.9924e+01
  1.3140e+02  1.3645e-01  7.0491e+00  5.6794e-02  4.9930e+01
  1.3150e+02  1.3671e-01  7.0628e+00  5.6645e-02  4.9935e+01
  1.3160e+02  1.3697e-01  7.0765e+00  5.6497e-02  4.9941e+01
  1.3170e+02  1.3723e-01  7.0902e+00  5.6349e-02  4.9947e+01
  1.3180e+02  1.3750e-01  7.1039e+00  5.6202e-02  4.9952e+01
  1.3190e+02  1.3776e-01  7.1177e+00  5.6055e-02  4.9958e+01
  1.3200e+02  1.3802e-01  7.1315e+00  5.5908e-02  4.9964e+01
  1.3210e+02  1.3828e-01  7.1453e+00  5.5762e-02  4.9969e+01
  1.3220e+02  1.3855e-01  7.1591e+00  5.5617e-02  4.9975e+01
  1.3230e+02  1.3881e-01  7.1730e+00  5.5472e-02  4.9980e+01
  1.3240e+02  1.3908e-01  7.1869e+00  5.5327e-02  4.9986e+01
  1.3250e+02  1.3934e-01  7.2008e+00  5.5182e-02  4.9991e+01
  1.3260e+02  1.3960e-01  7.2147e+00  5.5039e-02  4.9997e+01
  1.3270e+02  1.3987e-01  7.2287e+00  5.4895e-02  5.0002e+01
  1.3280e+02  1.4013e-01  7.2427e+00  5.4752e-02  5.0008e+01
  1.3290e+02  1.4040e-01  7.2567e+00  5.4609e-02  5.0013e+01
  1.3300e+02  1.4066e-01  7.2708e+00  5.4467e-02  5.0019e+01
  1.3310e+02  1.4093e-01  7.2849e+00  5.4325e-02  5.0024e+01
  1.3320e+02  1.4119e-01  7.2990e+00  5.4184e-02  5.0030e+01
  1.3330e+02  1.4146e-01  7.3131e+00  5.4043e-02  5.0035e+01
  1.3340e+02  1.4173e-01  7.3273e+00  5.3903e-02  5.0040e+01
  1.3350e+02  1.4199e-01  7.3415e+00  5.3763e-02  5.0046e+01
  1.3360e+02  1.4226e-01  7.3557e+00  5.3623e-02  5.0051e+01
  1.3370e+02  1.4253e-01  7.3699e+00  5.3484e-02  5.0057e+01
  1.3380e+02  1.4279e-01  7.3842e+00  5.3345e-02  5.0062e+01
  1.3390e+02  1.4306e-01  7.3985e+00  5.3207e-02  5.0067e+01
  1.3400e+02  1.4333e-01  7.4128e+00  5.3069e-02  5.0073e+01
  1.3410e+02  1.4360e-01  7.4271e+00  5.2931e-02  5.0078e+01
  1.3420e+02  1.4386e-01  7.4415e+00  5.2794e-02  5.0083e+01
  1.3430e+02  1.4413e-01  7.4559e+00  5.2657e-02  5.0088e+01
  1.3440e+02  1.4440e-01  7.4703e+00  5.2521e-02  5.0094e+01
  1.3450e+02  1.4467e-01  7.4848e+00  5.2385e-02  5.0099e+01
  1.3460e+02  1.4494e-01  7.4993e+00  5.2249e-02  5.0104e+01
  1.3470e+02  1.4521e-01  7.5138e+00  5.2114e-02  5.0109e+01
  1.3480e+02  1.4548e-01  7.5283e+00  5.1980e-02  5.0115e+01
  1.3490e+02  1.4575e-01  7.5429e+00  5.1845e-02  5.0120e+01
  1.3500e+02  1.4602e-01  7.5575e+00  5.1711e-02  5.0125e+01
  1.3510e+02  1.4629e-01  7.5721e+00  5.1578e-02  5.0130e+01
  1.3520e+02  1.4656e-01  7.5867e+00  5.1445e-02  5.0135e+01
  1.3530e+02  1.4683e-01  7.6014e+00  5.1312e-02  5.0140e+01
  1.3540e+02  1.4710e-01  7.6161e+00  5.1180e-02  5.0146e+01
  1.3550e+02  1.4737e-01  7.6308e+00  5.1048e-02  5.0151e+01
  1.3560e+02  1.4764e-01  7.6456e+00  5.0917e-02  5.0156e+01
  1.3570e+02  1.4791e-01  7.6603e+00  5.0786e-02  5.0161e+01
  1.3580e+02  1.4819e-01  7.6751e+00  5.0655e-02  5.0166e+01
  1.3590e+02  1.4846e-01  7.6900e+00  5.0525e-02  5.0171e+01
  1.3600e+02  1.4873e-01  7.7048e+00  5.0395e-02  5.0176e+01
  1.3610e+02  1.4900e-01  7.7197e+00  5.0265e-02  5.0181e+01
  1.3620e+02  1.4927e-01  7.7346e+00  5.0136e-02  5.0186e+01
  1.3630e+02  1.4955e-01  7.7496e+00  5.0008e-02  5.0191e+01
  1.3640e+02  1.4982e-01  7.7645e+00  4.9879e-02  5.0196e+01
  1.3650e+02  1.5009e-01  7.7795e+00  4.9751e-02  5.0201e+01
  1.3660e+02  1.5037e-01  7.7946e+00  4.9624e-02  5.0206e+01
  1.3670e+02  1.5064e-01  7.8096e+00  4.9497e-02  5.0211e+01
  1.3680e+02  1.5091e-01  7.8247e+00  4.9370e-02  5.0216e+01
  1.3690e+02  1.5119e-01  7.8398e+00  4.9244e-02  5.0221e+01
  1.3700e+02  1.5146e-01  7.8549e+00  4.9118e-02  5.0226e+01
  1.3710e+02  1.5174e-01  7.8701e+00  4.8992e-02  5.0231e+01
  1.3720e+02  1.5201e-01  7.8853e+00  4.8867e-02  5.0236e+01
  1.3730e+02  1.5229e-01  7.9005e+00  4.8742e-02  5.0240e+01
  1.3740e+02  1.5256e-01  7.9157e+00  4.8618e-02  5.0245e+01
  1.3750e+02  1.5284e-01  7.9310e+00  4.8494e-02  5.0250e+01
  1.3760e+02  1.5311e-01  7.9463e+00  4.8370e-02  5.0255e+01
  1.3770e+02  1.5339e-01  7.9616e+00  4.8247e-02  5.0260e+01
  1.3780e+02  1.5366e-01  7.9770e+00  4.8124e-02  5.0265e+01
  1.3790e+02  1.5394e-01  7.9924e+00  4.8001e-02  5.0269e+01
  1.3800e+02  1.5422e-01  8.0078e+00  4.7879e-02  5.0274e+01
  1.3810e+02  1.5449e-01  8.0232e+00  4.7757e-02  5.0279e+01
  1.3820e+02  1.5477e-01  8.0387e+00  4.7636e-02  5.0284e+01
  1.3830e+02  1.5505e-01  8.0542e+00  4.7515e-02  5.0289e+01
  1.3840e+02  1.5532e-01  8.0697e+00  4.7394e-02  5.0293e+01
  1.3850e+02  1.5560e-01  8.0852e+00  4.7274e-02  5.0298e+01
  1.3860e+02  1.5588e-01  8.1008e+00  4.7154e-02  5.0303e+01
  1.3870e+02  1.5615e-01  8.1164e+00  4.7034e-02  5.0307e+01
  1.3880e+02  1.5643e-01  8.1320e+00  4.6915e-02  5.0312e+01
  1.3890e+02  1.5671e-01  8.1477e+00  4.6796e-02  5.0317e+01
  1.3900e+02  1.5699e-01  8.1634e+00  4.6678e-02  5.0322e+01
  1.3910e+02  1.5727e-01  8.1791e+00  4.6560e-02  5.0326e+01
  1.3920e+02  1.5754e-01  8.1948e+00  4.6442e-02  5.0331e+01
  1.3930e+02  1.5782e-01  8.2106e+00  4.6325e-02  5.0335e+01
  1.3940e+02  1.5810e-01  8.2264e+00  4.6208e-02  5.0340e+01
  1.3950e+02  1.5838e-01  8.2422e+00  4.6091e-02  5.0345e+01
  1.3960e+02  1.5866e-01  8.2581e+00  4.5975e-02  5.0349e+01
  1.3970e+02  1.5894e-01  8.2739e+00  4.5859e-02  5.0354e+01
  1.3980e+02  1.5922e-01  8.2899e+00  4.5743e-02  5.0358e+01
  1.3990e+02  1.5950e-01  8.3058e+00  4.5628e-02  5.0363e+01
  1.4000e+02  1.5978e-01  8.3218e+00  4.5513e-02  5.0368e+01
  1.4010e+02  1.6006e-01  8.3377e+00  4.5399e-02  5.0372e+01
  1.4020e+02  1.6034e-01  8.3538e+00  4.5285e-02  5.0377e+01
  1.4030e+02  1.6062e-01  8.3698e+00  4.5171e-02  5.0381e+01
  1.4040e+02  1.6090e-01  8.3859e+00  4.5057e-02  5.0386e+01
  1.4050e+02  1.6118e-01  8.4020e+00  4.4944e-02  5.0390e+01
  1.4060e+02  1.6146e-01  8.4181e+00  4.4831e-02  5.0395e+01
  1.4070e+02  1.6174e-01  8.4343e+00  4.4719e-02  5.0399e+01
  1.4080e+02  1.6202e-01  8.4505e+00  4.4607e-02  5.0404e+01
  1.4090e+02  1.6230e-01  8.4667e+00  4.4495e-02  5.0408e+01
  1.4100e+02  1.6258e-01  8.4829e+00  4.4384e-02  5.0413e+01
  1.4110e+02  1.6286e-01  8.4992e+00  4.4273e-02  5.0417e+01
  1.4120e+02  1.6315e-01  8.5155e+00  4.4162e-02  5.0421e+01
  1.4130e+02  1.6343e-01  8.5318e+00  4.4052e-02  5.0426e+01
  1.4140e+02  1.6371e-01  8.5482e+00  4.3942e-02  5.0430e+01
  1.4150e+02  1.6399e-01  8.5646e+00  4.3832e-02  5.0435e+01
  1.4160e+02  1.6427e-01  8.5810e+00  4.3723e-02  5.0439e+01
  1.4170e+02  1.6456e-01  8.5974e+00  4.3614e-02  5.0443e+01
  1.4180e+02  1.6484e-01  8.6139e+00  4.3505e-02  5.0448e+01
  1.4190e+02  1.6512e-01  8.6304e+00  4.3397e-02  5.0452e+01
  1.4200e+02  1.6541e-01  8.6469e+00  4.3289e-02  5.0456e+01
  1.4210e+02  1.6569e-01  8.6635e+00  4.3181e-02  5.0461e+01
  1.4220e+02  1.6597e-01  8.6801e+00  4.3074e-02  5.0465e+01
  1.4230e+02  1.6625e-01  8.6967e+00  4.2967e-02  5.0469e+01
  1.4240e+02  1.6654e-01  8.7133e+00  4.2861e-02  5.0474e+01
  1.4250e+02  1.6682e-01  8.7300e+00  4.2754e-02  5.0478e+01
  1.4260e+02  1.6711e-01  8.7467e+00  4.2648e-02  5.0482e+01
  1.4270e+02  1.6739e-01  8.7634e+00  4.2543e-02  5.0486e+01
  1.4280e+02  1.6767e-01  8.7802e+00  4.2437e-02  5.0491e+01
  1.4290e+02  1.6796e-01  8.7969e+00  4.2332e-02  5.0495e+01
  1.4300e+02  1.6824e-01  8.8137e+00  4.2228e-02  5.0499e+01
  1.4310e+02  1.6853e-01  8.8306e+00  4.2124e-02  5.0503e+01
  1.4320e+02  1.6881e-01  8.8474e+00  4.2020e-02  5.0508e+01
  1.4330e+02  1.6910e-01  8.8643e+00  4.1916e-02  5.0512e+01
  1.4340e+02  1.6938e-01  8.8813e+00  4.1812e-02  5.0516e+01
  1.4350e+02  1.6967e-01  8.8982e+00  4.1709e-02  5.0520e+01
  1.4360e+02  1.6995e-01  8.9152e+00  4.1607e-02  5.0524e+01
  1.4370e+02  1.7024e-01  8.9322e+00  4.1504e-02  5.0528e+01
  1.4380e+02  1.7052e-01  8.9492e+00  4.1402e-02  5.0533e+01
  1.4390e+02  1.7081e-01  8.9663e+00  4.1301e-02  5.0537e+01
  1.4400e+02  1.7109e-01  8.9834e+00  4.1199e-02  5.0541e+01
  1.4410e+02  1.7138e-01  9.0005e+00  4.1098e-02  5.0545e+01
  1.4420e+02  1.7166e-01  9.0177e+00  4.0997e-02  5.0549e+01
  1.4430e+02  1.7195e-01  9.0349e+00  4.0897e-02  5.0553e+01
  1.4440e+02  1.7224e-01  9.0521e+00  4.0797e-02  5.0557e+01
  1.4450e+02  1.7252e-01  9.0693e+00  4.0697e-02  5.0561e+01
  1.4460e+02  1.7281e-01  9.0866e+00  4.0597e-02  5.0565e+01
  1.4470e+02  1.7309e-01  9.1039e+00  4.0498e-02  5.0569e+01
  1.4480e+02  1.7338e-01  9.1212e+00  4.0399e-02  5.0573e+01
  1.4490e+02  1.7367e-01  9.1386e+00  4.0300e-02  5.0578e+01
  1.4500e+02  1.7395e-01  9.1559e+00  4.0202e-02  5.0582e+01
  1.4510e+02  1.7424e-01  9.1733e+00  4.0104e-02  5.0586e+01
  1.4520e+02  1.7453e-01  9.1908e+00  4.0006e-02  5.0590e+01
  1.4530e+02  1.7482e-01  9.2082e+00  3.9909e-02  5.0594e+01
  1.4540e+02  1.7510e-01  9.2257e+00  3.9812e-02  5.0598e+01
  1.4550e+02  1.7539e-01  9.2433e+00  3.9715e-02  5.0602e+01
  1.4560e+02  1.7568e-01  9.2608e+00  3.9619e-02  5.0605e+01
  1.4570e+02  1.7597e-01  9.2784e+00  3.9523e-02  5.0609e+01
  1.4580e+02  1.7625e-01  9.2960e+00  3.9427e-02  5.0613e+01
  1.4590e+02  1.7654e-01  9.3137e+00  3.9331e-02  5.0617e+01
  1.4600e+02  1.7683e-01  9.3313e+00  3.9236e-02  5.0621e+01
  1.4610e+02  1.7712e-01  9.3490e+00  3.9141e-02  5.0625e+01
  1.4620e+02  1.7741e-01  9.3667e+00  3.9046e-02  5.0629e+01
  1.4630e+02  1.7769e-01  9.3845e+00  3.8952e-02  5.0633e+01
  1.4640e+02  1.7798e-01  9.4023e+00  3.8858e-02  5.0637e+01
  1.4650e+02  1.7827e-01  9.4201e+00  3.8764e-02  5.0641e+01
  1.4660e+02  1.7856e-01  9.4379e+00  3.8670e-02  5.0645e+01
  1.4670e+02  1.7885e-01  9.4558e+00  3.8577e-02  5.0648e+01
  1.4680e+02  1.7914e-01  9.4737e+00  3.8484e-02  5.0652e+01
  1.4690e+02  1.7943e-01  9.4916e+00  3.8392e-02  5.0656e+01
  1.4700e+02  1.7972e-01  9.5096e+00  3.8299e-02  5.0660e+01
  1.4710e+02  1.8000e-01  9.5276e+00  3.8207e-02  5.0664e+01
  1.4720e+02  1.8029e-01  9.5456e+00  3.8116e-02  5.0668e+01
  1.4730e+02  1.8058e-01  9.5636e+00  3.8024e-02  5.0671e+01
  1.4740e+02  1.8087e-01  9.5817e+00  3.7933e-02  5.0675e+01
  1.4750e+02  1.8116e-01  9.5998e+00  3.7842e-02  5.0679e+01
  1.4760e+02  1.8145e-01  9.6179e+00  3.7751e-02  5.0683e+01
  1.4770e+02  1.8174e-01  9.6361e+00  3.7661e-02  5.0687e+01
  1.4780e+02  1.8203e-01  9.6543e+00  3.7571e-02  5.0690e+01
  1.4790e+02  1.8232e-01  9.6725e+00  3.7481e-02  5.0694e+01
  1.4800e+02  1.8261e-01  9.6908e+00  3.7392e-02  5.0698e+01
  1.4810e+02  1.8290e-01  9.7090e+00  3.7303e-02  5.0702e+01
  1.4820e+02  1.8319e-01  9.7273e+00  3.7214e-02  5.0705e+01
  1.4830e+02  1.8348e-01  9.7457e+00  3.7125e-02  5.0709e+01
  1.4840e+02  1.8377e-01  9.7640e+00  3.7037e-02  5.0713e+01
  1.4850e+02  1.8406e-01  9.7824e+00  3.6949e-02  5.0716e+01
  1.4860e+02  1.8435e-01  9.8008e+00  3.6861e-02  5.0720e+01
  1.4870e+02  1.8464e-01  9.8193e+00  3.6773e-02  5.0724e+01
  1.4880e+02  1.8494e-01  9.8378e+00  3.6686e-02  5.0727e+01
  1.4890e+02  1.8523e-01  9.8563e+00  3.6599e-02  5.0731e+01
  1.4900e+02  1.8552e-01  9.8748e+00  3.6513e-02  5.0735e+01
  1.4910e+02  1.8581e-01  9.8934e+00  3.6426e-02  5.0738e+01
  1.4920e+02  1.8610e-01  9.9120e+00  3.6340e-02  5.0742e+01
  1.4930e+02  1.8639e-01  9.9306e+00  3.6254e-02  5.0746e+01
  1.4940e+02  1.8668e-01  9.9493e+00  3.6168e-02  5.0749e+01
  1.4950e+02  1.8697e-01  9.9679e+00  3.6083e-02  5.0753e+01
  1.4960e+02  1.8726e-01  9.9867e+00  3.5998e-02  5.0757e+01
  1.4970e+02  1.8756e-01  1.0005e+01  3.5913e-02  5.0760e+01
  1.4980e+02  1.8785e-01  1.0024e+01  3.5829e-02  5.0764e+01
  1.4990e+02  1.8814e-01  1.0043e+01  3.5744e-02  5.0767e+01
  1.5000e+02  1.8843e-01  1.0062e+01  3.5660e-02  5.0771e+01
  1.5010e+02  1.8872e-01  1.0081e+01  3.5577e-02  5.0774e+01
  1.5020e+02  1.8901e-01  1.0100e+01  3.5493e-02  5.0778e+01
  1.5030e+02  1.8931e-01  1.0118e+01  3.5410e-02  5.0782e+01
  1.5040e+02  1.8960e-01  1.0137e+01  3.5327e-02  5.0785e+01
  1.5050e+02  1.8989e-01  1.0156e+01  3.5244e-02  5.0789e+01
  1.5060e+02  1.9018e-01  1.0175e+01  3.5162e-02  5.0792e+01
  1.5070e+02  1.9048e-01  1.0194e+01  3.5080e-02  5.0796e+01
  1.5080e+02  1.9077e-01  1.0213e+01  3.4998e-02  5.0799e+01
  1.5090e+02  1.9106e-01  1.0233e+01  3.4916e-02  5.0803e+01
  1.5100e+02  1.9135e-01  1.0252e+01  3.4835e-02  5.0806e+01
  1.5110e+02  1.9164e-01  1.0271e+01  3.4754e-02  5.0810e+01
  1.5120e+02  1.9194e-01  1.0290e+01  3.4673e-02  5.0813e+01
  1.5130e+02  1.9223e-01  1.0309e+01  3.4592e-02  5.0817e+01
  1.5140e+02  1.9252e-01  1.0328e+01  3.4512e-02  5.0820e+01
  1.5150e+02  1.9282e-01  1.0348e+01  3.4432e-02  5.0823e+01
  1.5160e+02  1.9311e-01  1.0367e+01  3.4352e-02  5.0827e+01
  1.5170e+02  1.9340e-01  1.0386e+01  3.4272e-02  5.0830e+01
  1.5180e+02  1.9369e-01  1.0406e+01  3.4193e-02  5.0834e+01
  1.5190e+02  1.9399e-01  1.0425e+01  3.4114e-02  5.0837e+01
  1.5200e+02  1.9428e-01  1.0445e+01  3.4035e-02  5.0841e+01
  1.5210e+02  1.9457e-01  1.0464e+01  3.3956e-02  5.0844e+01
  1.5220e+02  1.9487e-01  1.0483e+01  3.3878e-02  5.0847e+01
  1.5230e+02  1.9516e-01  1.0503e+01  3.3800e-02  5.0851e+01
  1.5240e+02  1.9545e-01  1.0522e+01  3.3722e-02  5.0854e+01
  1.5250e+02  1.9575e-01  1.0542e+01  3.3644e-02  5.0858e+01
  1.5260e+02  1.9604e-01  1.0562e+01  3.3567e-02  5.0861e+01
  1.5270e+02  1.9633e-01  1.0581e+01  3.3490e-02  5.0864e+01
  1.5280e+02  1.9663e-01  1.0601e+01  3.3413e-02  5.0868e+01
  1.5290e+02  1.9692e-01  1.0621e+01  3.3336e-02  5.0871e+01
  1.5300e+02  1.9722e-01  1.0640e+01  3.3260e-02  5.0874e+01
  1.5310e+02  1.9751e-01  1.0660e+01  3.3183e-02  5.0878e+01
  1.5320e+02  1.9780e-01  1.0680e+01  3.3108e-02  5.0881e+01
  1.5330e+02  1.9810e-01  1.0700e+01  3.3032e-02  5.0884e+01
  1.5340e+02  1.9839e-01  1.0719e+01  3.2956e-02  5.0887e+01
  1.5350e+02  1.9868e-01  1.0739e+01  3.2881e-02  5.0891e+01
  1.5360e+02  1.9898e-01  1.0759e+01  3.2806e-02  5.0894e+01
  1.5370e+02  1.9927e-01  1.0779e+01  3.2731e-02  5.0897e+01
  1.5380e+02  1.9957e-01  1.0799e+01  3.2657e-02  5.0901e+01
  1.5390e+02  1.9986e-01  1.0819e+01  3.2583e-02  5.0904e+01
  1.5400e+02  2.0016e-01  1.0839e+01  3.2509e-02  5.0907e+01
  1.5410e+02  2.0045e-01  1.0859e+01  3.2435e-02  5.0910e+01
  1.5420e+02  2.0074e-01  1.0879e+01  3.2361e-02  5.0914e+01
  1.5430e+02  2.0104e-01  1.0899e+01  3.2288e-02  5.0917e+01
  1.5440e+02  2.0133e-01  1.0919e+01  3.2215e-02  5.0920e+01
  1.5450e+02  2.0163e-01  1.0939e+01  3.2142e-02  5.0923e+01
  1.5460e+02  2.0192e-01  1.0960e+01  3.2069e-02  5.0926e+01
  1.5470e+02  2.0222e-01  1.0980e+01  3.1997e-02  5.0930e+01
  1.5480e+02  2.0251e-01  1.1000e+01  3.1924e-02  5.0933e+01
  1.5490e+02  2.0281e-01  1.1020e+01  3.1852e-02  5.0936e+01
  1.5500e+02  2.0310e-01  1.1041e+01  3.1781e-02  5.0939e+01
  1.5510e+02  2.0340e-01  1.1061e+01  3.1709e-02  5.0942e+01
  1.5520e+02  2.0369e-01  1.1081e+01  3.1638e-02  5.0946e+01
  1.5530e+02  2.0398e-01  1.1102e+01  3.1567e-02  5.0949e+01
  1.5540e+02  2.0428e-01  1.1122e+01  3.1496e-02  5.0952e+01
  1.5550e+02  2.0457e-01  1.1142e+01  3.1425e-02  5.0955e+01
  1.5560e+02  2.0487e-01  1.1163e+01  3.1355e-02  5.0958e+01
  1.5570e+02  2.0516e-01  1.1183e+01  3.1285e-02  5.0961e+01
  1.5580e+02  2.0546e-01  1.1204e+01  3.1215e-02  5.0964e+01
  1.5590e+02  2.0575e-01  1.1225e+01  3.1145e-02  5.0968e+01
  1.5600e+02  2.0605e-01  1.1245e+01  3.1076e-02  5.0971e+01
  1.5610e+02  2.0634e-01  1.1266e+01  3.1006e-02  5.0974e+01
  1.5620e+02  2.0664e-01  1.1286e+01  3.0937e-02  5.0977e+01
  1.5630e+02  2.0694e-01  1.1307e+01  3.0868e-02  5.0980e+01
  1.5640e+02  2.0723e-01  1.1328e+01  3.0800e-02  5.0983e+01
  1.5650e+02  2.0753e-01  1.1349e+01  3.0731e-02  5.0986e+01
  1.5660e+02  2.0782e-01  1.1369e+01  3.0663e-02  5.0989e+01
  1.5670e+02  2.0812e-01  1.1390e+01  3.0595e-02  5.0992e+01
  1.5680e+02  2.0841e-01  1.1411e+01  3.0527e-02  5.0995e+01
  1.5690e+02  2.0871e-01  1.1432e+01  3.0460e-02  5.0998e+01
  1.5700e+02  2.0900e-01  1.1453e+01  3.0392e-02  5.1001e+01
  1.5710e+02  2.0930e-01  1.1474e+01  3.0325e-02  5.1004e+01
  1.5720e+02  2.0959e-01  1.1495e+01  3.0258e-02  5.1007e+01
  1.5730e+02  2.0989e-01  1.1515e+01  3.0191e-02  5.1010e+01
  1.5740e+02  2.1018e-01  1.1537e+01  3.0125e-02  5.1014e+01
  1.5750e+02  2.1048e-01  1.1558e+01  3.0058e-02  5.1017e+01
  1.5760e+02  2.1078e-01  1.1579e+01  2.9992e-02  5.1020e+01
  1.5770e+02  2.1107e-01  1.1600e+01  2.9926e-02  5.1023e+01
  1.5780e+02  2.1137e-01  1.1621e+01  2.9861e-02  5.1026e+01
  1.5790e+02  2.1166e-01  1.1642e+01  2.9795e-02  5.1028e+01
  1.5800e+02  2.1196e-01  1.1663e+01  2.9730e-02  5.1031e+01
  1.5810e+02  2.1225e-01  1.1684e+01  2.9665e-02  5.1034e+01
  1.5820e+02  2.1255e-01  1.1706e+01  2.9600e-02  5.1037e+01
  1.5830e+02  2.1285e-01  1.1727e+01  2.9535e-02  5.1040e+01
  1.5840e+02  2.1314e-01  1.1748e+01  2.9471e-02  5.1043e+01
  1.5850e+02  2.1344e-01  1.1769e+01  2.9407e-02  5.1046e+01
  1.5860e+02  2.1373e-01  1.1791e+01  2.9342e-02  5.1049e+01
  1.5870e+02  2.1403e-01  1.1812e+01  2.9279e-02  5.1052e+01
  1.5880e+02  2.1433e-01  1.1834e+01  2.9215e-02  5.1055e+01
  1.5890e+02  2.1462e-01  1.1855e+01  2.9151e-02  5.1058e+01
  1.5900e+02  2.1492e-01  1.1877e+01  2.9088e-02  5.1061e+01
  1.5910e+02  2.1521e-01  1.1898e+01  2.9025e-02  5.1064e+01
  1.5920e+02  2.1551e-01  1.1920e+01  2.8962e-02  5.1067e+01
  1.5930e+02  2.1581e-01  1.1941e+01  2.8900e-02  5.1070e+01
  1.5940e+02  2.1610e-01  1.1963e+01  2.8837e-02  5.1072e+01
  1.5950e+02  2.1640e-01  1.1984e+01  2.8775e-02  5.1075e+01
  1.5960e+02  2.1669e-01  1.2006e+01  2.8713e-02  5.1078e+01
  1.5970e+02  2.1699e-01  1.2028e+01  2.8651e-02  5.1081e+01
  1.5980e+02  2.1729e-01  1.2049e+01  2.8589e-02  5.1084e+01
