  0.0000e+00  0.0000e+00  1.0000e+00  1.0000e+00  0.0000e+00
  1.0000e-01 -1.8845e-03  9.9994e-01  9.8114e-01  9.9054e-02
  2.0000e-01 -7.4746e-03  9.9950e-01  9.6301e-01  1.9625e-01
  3.0000e-01 -1.6661e-02  9.9832e-01  9.4626e-01  2.9170e-01
  4.0000e-01 -2.9328e-02  9.9605e-01  9.3150e-01  3.8557e-01
  5.0000e-01 -4.5361e-02  9.9234e-01  9.1931e-01  4.7809e-01
  6.0000e-01 -6.4665e-02  9.8687e-01  9.1025e-01  5.6954e-01
  7.0000e-01 -8.7164e-02  9.7931e-01  9.0491e-01  6.6026e-01
  8.0000e-01 -1.1282e-01  9.6933e-01  9.0394e-01  7.5066e-01
  9.0000e-01 -1.4162e-01  9.5664e-01  9.0811e-01  8.4122e-01
  1.0000e+00 -1.7360e-01  9.4090e-01  9.1839e-01  9.3249e-01
  1.1000e+00 -2.0884e-01  9.2181e-01  9.3602e-01  1.0251e+00
  1.2000e+00 -2.4749e-01  8.9902e-01  9.6269e-01  1.1200e+00
  1.3000e+00 -2.8973e-01  8.7219e-01  1.0007e+00  1.2181e+00
  1.4000e+00 -3.3580e-01  8.4095e-01  1.0535e+00  1.3206e+00
  1.5000e+00 -3.8598e-01  8.0489e-01  1.1258e+00  1.4294e+00
  1.6000e+00 -4.4055e-01  7.6360e-01  1.2253e+00  1.5467e+00
  1.7000e+00 -4.9970e-01  7.1663e-01  1.3639e+00  1.6758e+00
  1.8000e+00 -5.6321e-01  6.6352e-01  1.5612e+00  1.8214e+00
  1.9000e+00 -6.2981e-01  6.0388e-01  1.8517e+00  1.9911e+00
  2.0000e+00 -6.9525e-01  5.3759e-01  2.2991e+00  2.1969e+00
  2.1000e+00 -7.4695e-01  4.6527e-01  3.0254e+00  2.4601e+00
  2.2000e+00 -7.4853e-01  3.8980e-01  4.2568e+00  2.8187e+00
  2.3000e+00 -6.0361e-01  3.2034e-01  6.2377e+00  3.3373e+00
  2.4000e+00 -1.7083e-01  2.7903e-01  8.1488e+00  4.0677e+00
  2.5000e+00  3.7294e-01  2.9036e-01  7.4625e+00  4.8736e+00
  2.6000e+00  6.3342e-01  3.4339e-01  5.2850e+00  5.5106e+00
  2.7000e+00  6.5490e-01  4.0907e-01  3.6814e+00  5.9524e+00
  2.8000e+00  5.7974e-01  4.7125e-01  2.7363e+00  6.2690e+00
  2.9000e+00  4.7165e-01  5.2397e-01  2.1790e+00  6.5124e+00
  3.0000e+00  3.5260e-01  5.6523e-01  1.8400e+00  6.7120e+00
  3.1000e+00  2.2940e-01  5.9435e-01  1.6329e+00  6.8848e+00
  3.2000e+00  1.0332e-01  6.1101e-01  1.5144e+00  7.0415e+00
  3.3000e+00 -2.6647e-02  6.1489e-01  1.4645e+00  7.1899e+00
  3.4000e+00 -1.6285e-01  6.0548e-01  1.4788e+00  7.3365e+00
  3.5000e+00 -3.0877e-01  5.8200e-01  1.5672e+00  7.4881e+00
  3.6000e+00 -4.6939e-01  5.4324e-01  1.7625e+00  7.6535e+00
  3.7000e+00 -6.5170e-01  4.8740e-01  2.1482e+00  7.8468e+00
  3.8000e+00 -8.6410e-01  4.1189e-01  2.9575e+00  8.0967e+00
  3.9000e+00 -1.1001e+00  3.1367e-01  5.0292e+00  8.4779e+00
  4.0000e+00 -1.1056e+00  1.9767e-01  1.2540e+01  9.2700e+00
  4.1000e+00  5.1776e-01  1.5721e-01  1.9771e+01  1.0926e+01
  4.2000e+00  1.1692e+00  2.6006e-01  7.2249e+00  1.2186e+01
  4.3000e+00  9.4121e-01  3.6656e-01  3.6365e+00  1.2692e+01
  4.4000e+00  6.9356e-01  4.4806e-01  2.4338e+00  1.2986e+01
  4.5000e+00  4.7495e-01  5.0627e-01  1.9064e+00  1.3200e+01
  4.6000e+00  2.7781e-01  5.4377e-01  1.6525e+00  1.3377e+01
  4.7000e+00  9.2617e-02  5.6223e-01  1.5458e+00  1.3535e+01
  4.8000e+00 -8.8744e-02  5.6242e-01  1.5447e+00  1.3689e+01
  4.9000e+00 -2.7378e-01  5.4436e-01  1.6489e+00  1.3848e+01
  5.0000e+00 -4.7056e-01  5.0727e-01  1.8988e+00  1.4024e+01
  5.1000e+00 -6.8861e-01  4.4953e-01  2.4179e+00  1.4236e+01
  5.2000e+00 -9.3569e-01  3.6856e-01  3.5972e+00  1.4528e+01
  5.3000e+00 -1.1665e+00  2.6254e-01  7.0887e+00  1.5027e+01
  5.4000e+00 -5.6164e-01  1.5835e-01  1.9485e+01  1.6260e+01
  5.5000e+00  1.1368e+00  2.0643e-01  1.1467e+01  1.8052e+01
  5.6000e+00  1.0589e+00  3.2075e-01  4.7494e+00  1.8785e+01
  5.7000e+00  8.0341e-01  4.1382e-01  2.8533e+00  1.9149e+01
  5.8000e+00  5.7178e-01  4.8232e-01  2.1004e+00  1.9392e+01
  5.9000e+00  3.6608e-01  5.2904e-01  1.7458e+00  1.9582e+01
  6.0000e+00  1.7650e-01  5.5608e-01  1.5802e+00  1.9747e+01
  6.1000e+00 -5.6758e-03  5.6459e-01  1.5329e+00  1.9902e+01
  6.2000e+00 -1.8808e-01  5.5493e-01  1.5867e+00  2.0057e+01
  6.3000e+00 -3.7840e-01  5.2671e-01  1.7613e+00  2.0223e+01
  6.4000e+00 -5.8544e-01  4.7870e-01  2.1323e+00  2.0416e+01
  6.5000e+00 -8.1896e-01  4.0873e-01  2.9248e+00  2.0663e+01
  6.6000e+00 -1.0744e+00  3.1406e-01  4.9539e+00  2.1039e+01
  6.7000e+00 -1.1099e+00  1.9938e-01  1.2292e+01  2.1817e+01
  6.8000e+00  6.8135e-01  1.6226e-01  1.8559e+01  2.3654e+01
  6.9000e+00  1.1574e+00  2.6983e-01  6.7110e+00  2.4810e+01
  7.0000e+00  9.1947e-01  3.7438e-01  3.4862e+00  2.5288e+01
  7.1000e+00  6.7415e-01  4.5381e-01  2.3726e+00  2.5573e+01
  7.2000e+00  4.5773e-01  5.1019e-01  1.8772e+00  2.5782e+01
  7.3000e+00  2.6195e-01  5.4604e-01  1.6388e+00  2.5957e+01
  7.4000e+00  7.7378e-02  5.6295e-01  1.5418e+00  2.6115e+01
  7.5000e+00 -1.0400e-01  5.6163e-01  1.5491e+00  2.6268e+01
  7.6000e+00 -2.8968e-01  5.4201e-01  1.6632e+00  2.6428e+01
  7.7000e+00 -4.8786e-01  5.0328e-01  1.9291e+00  2.6606e+01
  7.8000e+00 -7.0813e-01  4.4370e-01  2.4819e+00  2.6823e+01
  7.9000e+00 -9.5741e-01  3.6065e-01  3.7567e+00  2.7125e+01
  8.0000e+00 -1.1757e+00  2.5275e-01  7.6485e+00  2.7655e+01
  8.1000e+00 -3.8078e-01  1.5440e-01  2.0496e+01  2.8994e+01
  8.2000e+00  1.1614e+00  2.1604e-01  1.0469e+01  3.0710e+01
  8.3000e+00  1.0380e+00  3.2951e-01  4.5001e+00  3.1390e+01
  8.4000e+00  7.8289e-01  4.2045e-01  2.7640e+00  3.1739e+01
  8.5000e+00  5.5375e-01  4.8703e-01  2.0599e+00  3.1976e+01
  8.6000e+00  3.4977e-01  5.3204e-01  1.7262e+00  3.2163e+01
  8.7000e+00  1.6113e-01  5.5750e-01  1.5721e+00  3.2327e+01
  8.8000e+00 -2.0773e-02  5.6449e-01  1.5334e+00  3.2481e+01
  8.9000e+00 -2.0353e-01  5.5331e-01  1.5960e+00  3.2637e+01
  9.0000e+00 -3.9487e-01  5.2350e-01  1.7829e+00  3.2804e+01
  9.1000e+00 -6.0375e-01  4.7376e-01  2.1770e+00  3.3000e+01
  9.2000e+00 -8.3979e-01  4.0184e-01  3.0260e+00  3.3254e+01
  9.3000e+00 -1.0942e+00  3.0504e-01  5.2511e+00  3.3648e+01
  9.4000e+00 -1.0603e+00  1.9034e-01  1.3486e+01  3.4491e+01
  9.5000e+00  8.1689e-01  1.6851e-01  1.7208e+01  3.6369e+01
  9.6000e+00  1.1430e+00  2.7940e-01  6.2592e+00  3.7431e+01
  9.7000e+00  8.9805e-01  3.8194e-01  3.3496e+00  3.7883e+01
  9.8000e+00  6.5513e-01  4.5934e-01  2.3158e+00  3.8159e+01
  9.9000e+00  4.4082e-01  5.1393e-01  1.8499e+00  3.8364e+01
  1.0000e+01  2.4632e-01  5.4817e-01  1.6261e+00  3.8537e+01
  1.0100e+01  6.2307e-02  5.6355e-01  1.5386e+00  3.8694e+01
  1.0200e+01 -1.1913e-01  5.6071e-01  1.5541e+00  3.8848e+01
  1.0300e+01 -3.0552e-01  5.3956e-01  1.6784e+00  3.9008e+01
  1.0400e+01 -5.0513e-01  4.9917e-01  1.9610e+00  3.9189e+01
  1.0500e+01 -7.2768e-01  4.3776e-01  2.5497e+00  3.9410e+01
  1.0600e+01 -9.7893e-01  3.5264e-01  3.9293e+00  3.9724e+01
  1.0700e+01 -1.1806e+00  2.4300e-01  8.2749e+00  4.0287e+01
  1.0800e+01 -1.8313e-01  1.5206e-01  2.1133e+01  4.1733e+01
  1.0900e+01  1.1753e+00  2.2572e-01  9.5903e+00  4.3359e+01
  1.1000e+01  1.0168e+00  3.3802e-01  4.2765e+00  4.3993e+01
  1.1100e+01  7.6278e-01  4.2685e-01  2.6818e+00  4.4328e+01
  1.1200e+01  5.3607e-01  4.9155e-01  2.0223e+00  4.4559e+01
  1.1300e+01  3.3373e-01  5.3488e-01  1.7079e+00  4.4743e+01
  1.1400e+01  1.4596e-01  5.5878e-01  1.5649e+00  4.4906e+01
  1.1500e+01 -3.5730e-02  5.6427e-01  1.5346e+00  4.5060e+01
  1.1600e+01 -2.1889e-01  5.5158e-01  1.6060e+00  4.5216e+01
  1.1700e+01 -4.1131e-01  5.2019e-01  1.8057e+00  4.5386e+01
  1.1800e+01 -6.2207e-01  4.6871e-01  2.2241e+00  4.5584e+01
  1.1900e+01 -8.6060e-01  3.9484e-01  3.1343e+00  4.5846e+01
  1.2000e+01 -1.1130e+00  2.9595e-01  5.5786e+00  4.6259e+01
  1.2100e+01 -9.9273e-01  1.8187e-01  1.4772e+01  4.7173e+01
  1.2200e+01  9.2509e-01  1.7570e-01  1.5828e+01  4.9071e+01
  1.2300e+01  1.1268e+00  2.8875e-01  5.8603e+00  5.0047e+01
  1.2400e+01  8.7697e-01  3.8925e-01  3.2249e+00  5.0476e+01
  1.2500e+01  6.3650e-01  4.6467e-01  2.2630e+00  5.0744e+01
  1.2600e+01  4.2422e-01  5.1751e-01  1.8245e+00  5.0946e+01
  1.2700e+01  2.3091e-01  5.5014e-01  1.6144e+00  5.1116e+01
  1.2800e+01  4.7399e-02  5.6401e-01  1.5360e+00  5.1273e+01
  1.2900e+01 -1.3415e-01  5.5969e-01  1.5598e+00  5.1427e+01
  1.3000e+01 -3.2129e-01  5.3700e-01  1.6945e+00  5.1588e+01
  1.3100e+01 -5.2240e-01  4.9497e-01  1.9944e+00  5.1771e+01
  1.3200e+01 -7.4726e-01  4.3172e-01  2.6216e+00  5.1998e+01
  1.3300e+01 -1.0002e+00  3.4453e-01  4.1165e+00  5.2323e+01
  1.3400e+01 -1.1802e+00  2.3332e-01  8.9758e+00  5.2924e+01
  1.3500e+01  2.2024e-02  1.5139e-01  2.1319e+01  5.4473e+01
  1.3600e+01  1.1808e+00  2.3538e-01  8.8191e+00  5.6001e+01
  1.3700e+01  9.9569e-01  3.4627e-01  4.0751e+00  5.6593e+01
  1.3800e+01  7.4308e-01  4.3303e-01  2.6058e+00  5.6916e+01
  1.3900e+01  5.1872e-01  4.9588e-01  1.9871e+00  5.7142e+01
  1.4000e+01  3.1794e-01  5.3756e-01  1.6909e+00  5.7324e+01
  1.4100e+01  1.3097e-01  5.5993e-01  1.5585e+00  5.7485e+01
