  0.0000e+00  0.0000e+00  1.0000e+00  1.0843e+00  0.0000e+00
  1.0000e-01  1.7967e-02  1.0009e+00  1.0864e+00  1.0857e-01
  2.0000e-01  3.6538e-02  1.0036e+00  1.0846e+00  2.1715e-01
  3.0000e-01  5.5425e-02  1.0082e+00  1.0788e+00  3.2535e-01
  4.0000e-01  7.4338e-02  1.0147e+00  1.0690e+00  4.3277e-01
  5.0000e-01  9.2997e-02  1.0231e+00  1.0555e+00  5.3903e-01
  6.0000e-01  1.1115e-01  1.0333e+00  1.0387e+00  6.4377e-01
  7.0000e-01  1.2856e-01  1.0453e+00  1.0189e+00  7.4667e-01
  8.0000e-01  1.4505e-01  1.0590e+00  9.9650e-01  8.4745e-01
  9.0000e-01  1.6049e-01  1.0742e+00  9.7211e-01  9.4590e-01
  1.0000e+00  1.7475e-01  1.0910e+00  9.4615e-01  1.0418e+00
  1.1000e+00  1.8779e-01  1.1092e+00  9.1909e-01  1.1351e+00
  1.2000e+00  1.9956e-01  1.1285e+00  8.9138e-01  1.2256e+00
  1.3000e+00  2.1009e-01  1.1490e+00  8.6337e-01  1.3134e+00
  1.4000e+00  2.1939e-01  1.1705e+00  8.3541e-01  1.3983e+00
  1.5000e+00  2.2752e-01  1.1929e+00  8.0777e-01  1.4805e+00
  1.6000e+00  2.3453e-01  1.2160e+00  7.8067e-01  1.5599e+00
  1.7000e+00  2.4050e-01  1.2397e+00  7.5428e-01  1.6366e+00
  1.8000e+00  2.4550e-01  1.2640e+00  7.2874e-01  1.7108e+00
  1.9000e+00  2.4961e-01  1.2888e+00  7.0413e-01  1.7824e+00
  2.0000e+00  2.5291e-01  1.3139e+00  6.8052e-01  1.8516e+00
  2.1000e+00  2.5549e-01  1.3394e+00  6.5794e-01  1.9185e+00
  2.2000e+00  2.5741e-01  1.3650e+00  6.3639e-01  1.9832e+00
  2.3000e+00  2.5874e-01  1.3908e+00  6.1589e-01  2.0458e+00
  2.4000e+00  2.5955e-01  1.4167e+00  5.9641e-01  2.1064e+00
  2.5000e+00  2.5990e-01  1.4427e+00  5.7792e-01  2.1652e+00
  2.6000e+00  2.5985e-01  1.4687e+00  5.6039e-01  2.2221e+00
  2.7000e+00  2.5945e-01  1.4947e+00  5.4378e-01  2.2773e+00
  2.8000e+00  2.5874e-01  1.5206e+00  5.2806e-01  2.3308e+00
  2.9000e+00  2.5777e-01  1.5464e+00  5.1318e-01  2.3829e+00
  3.0000e+00  2.5657e-01  1.5721e+00  4.9909e-01  2.4335e+00
  3.1000e+00  2.5518e-01  1.5977e+00  4.8576e-01  2.4827e+00
  3.2000e+00  2.5364e-01  1.6232e+00  4.7314e-01  2.5307e+00
  3.3000e+00  2.5195e-01  1.6485e+00  4.6118e-01  2.5774e+00
  3.4000e+00  2.5017e-01  1.6736e+00  4.4986e-01  2.6229e+00
  3.5000e+00  2.4829e-01  1.6985e+00  4.3914e-01  2.6674e+00
  3.6000e+00  2.4635e-01  1.7232e+00  4.2896e-01  2.7108e+00
  3.7000e+00  2.4436e-01  1.7478e+00  4.1932e-01  2.7532e+00
  3.8000e+00  2.4234e-01  1.7721e+00  4.1016e-01  2.7947e+00
  3.9000e+00  2.4030e-01  1.7962e+00  4.0146e-01  2.8352e+00
  4.0000e+00  2.3826e-01  1.8201e+00  3.9319e-01  2.8750e+00
  4.1000e+00  2.3622e-01  1.8439e+00  3.8533e-01  2.9139e+00
  4.2000e+00  2.3419e-01  1.8674e+00  3.7785e-01  2.9521e+00
  4.3000e+00  2.3219e-01  1.8907e+00  3.7073e-01  2.9895e+00
  4.4000e+00  2.3022e-01  1.9138e+00  3.6394e-01  3.0262e+00
  4.5000e+00  2.2828e-01  1.9368e+00  3.5746e-01  3.0623e+00
  4.6000e+00  2.2640e-01  1.9595e+00  3.5128e-01  3.0977e+00
  4.7000e+00  2.2456e-01  1.9820e+00  3.4537e-01  3.1325e+00
  4.8000e+00  2.2277e-01  2.0044e+00  3.3973e-01  3.1668e+00
  4.9000e+00  2.2104e-01  2.0266e+00  3.3432e-01  3.2005e+00
  5.0000e+00  2.1938e-01  2.0486e+00  3.2915e-01  3.2337e+00
  5.1000e+00  2.1778e-01  2.0705e+00  3.2419e-01  3.2663e+00
  5.2000e+00  2.1625e-01  2.0922e+00  3.1944e-01  3.2985e+00
  5.3000e+00  2.1479e-01  2.1137e+00  3.1487e-01  3.3302e+00
  5.4000e+00  2.1340e-01  2.1351e+00  3.1048e-01  3.3615e+00
  5.5000e+00  2.1208e-01  2.1564e+00  3.0626e-01  3.3923e+00
  5.6000e+00  2.1084e-01  2.1776e+00  3.0220e-01  3.4228e+00
  5.7000e+00  2.0968e-01  2.1986e+00  2.9829e-01  3.4528e+00
  5.8000e+00  2.0859e-01  2.2195e+00  2.9452e-01  3.4824e+00
  5.9000e+00  2.0758e-01  2.2403e+00  2.9088e-01  3.5117e+00
  6.0000e+00  2.0665e-01  2.2610e+00  2.8737e-01  3.5406e+00
  6.1000e+00  2.0580e-01  2.2816e+00  2.8397e-01  3.5692e+00
  6.2000e+00  2.0503e-01  2.3022e+00  2.8069e-01  3.5974e+00
  6.3000e+00  2.0441e-01  2.3206e+00  2.7765e-01  3.6225e+00
  6.4000e+00  2.0366e-01  2.3410e+00  2.7283e-01  3.6501e+00
  6.5000e+00  2.0277e-01  2.3613e+00  2.6815e-01  3.6771e+00
  6.6000e+00  2.0175e-01  2.3815e+00  2.6362e-01  3.7037e+00
  6.7000e+00  2.0061e-01  2.4017e+00  2.5922e-01  3.7298e+00
  6.8000e+00  1.9935e-01  2.4217e+00  2.5495e-01  3.7555e+00
  6.9000e+00  1.9799e-01  2.4415e+00  2.5082e-01  3.7808e+00
  7.0000e+00  1.9652e-01  2.4613e+00  2.4682e-01  3.8057e+00
  7.1000e+00  1.9496e-01  2.4808e+00  2.4294e-01  3.8302e+00
  7.2000e+00  1.9331e-01  2.5002e+00  2.3918e-01  3.8543e+00
  7.3000e+00  1.9157e-01  2.5195e+00  2.3554e-01  3.8780e+00
  7.4000e+00  1.8976e-01  2.5386e+00  2.3201e-01  3.9014e+00
  7.5000e+00  1.8787e-01  2.5574e+00  2.2860e-01  3.9244e+00
  7.6000e+00  1.8591e-01  2.5761e+00  2.2530e-01  3.9471e+00
  7.7000e+00  1.8389e-01  2.5946e+00  2.2210e-01  3.9695e+00
  7.8000e+00  1.8180e-01  2.6129e+00  2.1900e-01  3.9916e+00
  7.9000e+00  1.7966e-01  2.6310e+00  2.1600e-01  4.0133e+00
  8.0000e+00  1.7746e-01  2.6488e+00  2.1310e-01  4.0348e+00
  8.1000e+00  1.7521e-01  2.6665e+00  2.1029e-01  4.0559e+00
  8.2000e+00  1.7291e-01  2.6839e+00  2.0757e-01  4.0768e+00
  8.3000e+00  1.7057e-01  2.7011e+00  2.0494e-01  4.0974e+00
  8.4000e+00  1.6819e-01  2.7180e+00  2.0239e-01  4.1178e+00
  8.5000e+00  1.6577e-01  2.7347e+00  1.9993e-01  4.1379e+00
  8.6000e+00  1.6331e-01  2.7511e+00  1.9754e-01  4.1578e+00
  8.7000e+00  1.6082e-01  2.7674e+00  1.9524e-01  4.1774e+00
